#
# There is insufficient memory for the Java Runtime Environment to continue.
# Native memory allocation (malloc) failed to allocate 32744 bytes for ChunkPool::allocate
# Possible reasons:
#   The system is out of physical RAM or swap space
#   In 32 bit mode, the process size limit was hit
# Possible solutions:
#   Reduce memory load on the system
#   Increase physical memory or swap space
#   Check if swap backing store is full
#   Use 64 bit Java on a 64 bit OS
#   Decrease Java heap size (-Xmx/-Xms)
#   Decrease number of Java threads
#   Decrease Java thread stack sizes (-Xss)
#   Set larger code cache with -XX:ReservedCodeCacheSize=
# This output file may be truncated or incomplete.
#
#  Out of Memory Error (allocation.cpp:273), pid=16240, tid=12352
#
# JRE version: Java(TM) SE Runtime Environment (8.0_45-b15) (build 1.8.0_45-b15)
# Java VM: Java HotSpot(TM) 64-Bit Server VM (25.45-b02 mixed mode windows-amd64 compressed oops)
# Failed to write core dump. Minidumps are not enabled by default on client versions of Windows
#

---------------  T H R E A D  ---------------

Current thread (0x0000000056473000):  JavaThread "C2 CompilerThread0" daemon [_thread_in_vm, id=12352, stack(0x0000000056c10000,0x0000000056d10000)]

Stack: [0x0000000056c10000,0x0000000056d10000]
Native frames: (J=compiled Java code, j=interpreted, Vv=VM code, C=native code)
V  [jvm.dll+0x32b57a]


---------------  P R O C E S S  ---------------

Java Threads: ( => current thread )
  0x000000005647a800 JavaThread "Service Thread" daemon [_thread_blocked, id=15876, stack(0x00000000570b0000,0x00000000571b0000)]
  0x0000000056478800 JavaThread "C1 CompilerThread2" daemon [_thread_blocked, id=15536, stack(0x0000000056d50000,0x0000000056e50000)]
  0x0000000056477800 JavaThread "C2 CompilerThread1" daemon [_thread_blocked, id=10264, stack(0x0000000056e50000,0x0000000056f50000)]
=>0x0000000056473000 JavaThread "C2 CompilerThread0" daemon [_thread_in_vm, id=12352, stack(0x0000000056c10000,0x0000000056d10000)]
  0x0000000056470800 JavaThread "Attach Listener" daemon [_thread_blocked, id=3516, stack(0x00000000569f0000,0x0000000056af0000)]
  0x0000000055183800 JavaThread "Signal Dispatcher" daemon [_thread_blocked, id=12436, stack(0x00000000568a0000,0x00000000569a0000)]
  0x0000000055123000 JavaThread "Finalizer" daemon [_thread_blocked, id=14948, stack(0x0000000056370000,0x0000000056470000)]
  0x0000000055121800 JavaThread "Reference Handler" daemon [_thread_blocked, id=11096, stack(0x0000000056100000,0x0000000056200000)]
  0x00000000002de800 JavaThread "main" [_thread_in_native, id=15592, stack(0x0000000002480000,0x0000000002580000)]

Other Threads:
  0x000000005511c000 VMThread [stack: 0x0000000056210000,0x0000000056310000] [id=15564]

VM state:not at safepoint (normal execution)

VM Mutex/Monitor currently owned by a thread:  ([mutex/lock_event])
[0x00000000002dde10] CompileThread_lock - owner thread: 0x0000000056473000

Heap:
 PSYoungGen      total 76288K, used 2621K [0x00000000eab00000, 0x00000000f0000000, 0x0000000100000000)
  eden space 65536K, 4% used [0x00000000eab00000,0x00000000ead8f680,0x00000000eeb00000)
  from space 10752K, 0% used [0x00000000ef580000,0x00000000ef580000,0x00000000f0000000)
  to   space 10752K, 0% used [0x00000000eeb00000,0x00000000eeb00000,0x00000000ef580000)
 ParOldGen       total 175104K, used 0K [0x00000000c0000000, 0x00000000cab00000, 0x00000000eab00000)
  object space 175104K, 0% used [0x00000000c0000000,0x00000000c0000000,0x00000000cab00000)
 Metaspace       used 2128K, capacity 4480K, committed 4480K, reserved 1056768K
  class space    used 234K, capacity 384K, committed 384K, reserved 1048576K

Card table byte_map: [0x0000000011cd0000,0x0000000011ee0000] byte_map_base: 0x00000000116d0000

Marking Bits: (ParMarkBitMap*) 0x00000000705e4040
 Begin Bits: [0x0000000012590000, 0x0000000013590000)
 End Bits:   [0x0000000013590000, 0x0000000014590000)

Polling page: 0x0000000000160000

CodeCache: size=245760Kb used=468Kb max_used=468Kb free=245291Kb
 bounds [0x0000000002910000, 0x0000000002b80000, 0x0000000011910000]
 total_blobs=170 nmethods=0 adapters=135
 compilation: enabled

Compilation events (0 events):
No events

GC Heap History (0 events):
No events

Deoptimization events (0 events):
No events

Internal exceptions (2 events):
Event: 0.056 Thread 0x00000000002de800 Exception <a 'java/lang/NoSuchMethodError': Method sun.misc.Unsafe.defineClass(Ljava/lang/String;[BII)Ljava/lang/Class; name or signature does not match> (0x00000000eab0dde0) thrown at [C:\re\workspace\8-2-build-windows-amd64-cygwin\jdk8u45\3627\hotspot\srÙOBr¨¨?
Event: 0.056 Thread 0x00000000002de800 Exception <a 'java/lang/NoSuchMethodError': Method sun.misc.Unsafe.prefetchRead(Ljava/lang/Object;J)V name or signature does not match> (0x00000000eab0e070) thrown at [C:\re\workspace\8-2-build-windows-amd64-cygwin\jdk8u45\3627\hotspot\src\share\vm\prims\j

Events (10 events):
Event: 0.094 loading class java/lang/ClassValue$Version done
Event: 0.094 loading class java/lang/invoke/MemberName$Factory
Event: 0.095 loading class java/lang/invoke/MemberName$Factory done
Event: 0.095 loading class java/lang/invoke/MethodHandleStatics
Event: 0.095 loading class java/lang/invoke/MethodHandleStatics done
Event: 0.095 loading class java/lang/invoke/MethodHandleStatics$1
Event: 0.095 loading class java/lang/invoke/MethodHandleStatics$1 done
Event: 0.096 Thread 0x000000005647a800 Thread added: 0x000000005647a800
Event: 0.096 loading class sun/misc/PostVMInitHook
Event: 0.096 loading class sun/misc/PostVMInitHook done


Dynamic libraries:
0x000000013f0d0000 - 0x000000013f107000 	C:\Program Files\Java\jdk1.8.0_45\bin\java.exe
0x0000000077400000 - 0x00000000775aa000 	C:\Windows\SYSTEM32\ntdll.dll
0x00000000771e0000 - 0x00000000772ff000 	C:\Windows\system32\kernel32.dll
0x000007fefd370000 - 0x000007fefd3da000 	C:\Windows\system32\KERNELBASE.dll
0x0000000074f40000 - 0x0000000074fc9000 	C:\Windows\System32\SYSFER.DLL
0x000007feff610000 - 0x000007feff6eb000 	C:\Windows\system32\ADVAPI32.dll
0x000007fefdb00000 - 0x000007fefdb9f000 	C:\Windows\system32\msvcrt.dll
0x000007feff6f0000 - 0x000007feff70f000 	C:\Windows\SYSTEM32\sechost.dll
0x000007fefebe0000 - 0x000007fefed0d000 	C:\Windows\system32\RPCRT4.dll
0x0000000077300000 - 0x00000000773fa000 	C:\Windows\system32\USER32.dll
0x000007fefee00000 - 0x000007fefee67000 	C:\Windows\system32\GDI32.dll
0x000007fefd6d0000 - 0x000007fefd6de000 	C:\Windows\system32\LPK.dll
0x000007fefd600000 - 0x000007fefd6ca000 	C:\Windows\system32\USP10.dll
0x000007fefbc30000 - 0x000007fefbe24000 	C:\Windows\WinSxS\amd64_microsoft.windows.common-controls_6595b64144ccf1df_6.0.7601.18837_none_fa3b1e3d17594757\COMCTL32.dll
0x000007feff4f0000 - 0x000007feff561000 	C:\Windows\system32\SHLWAPI.dll
0x000007fefebb0000 - 0x000007fefebde000 	C:\Windows\system32\IMM32.DLL
0x000007fefd6e0000 - 0x000007fefd7e9000 	C:\Windows\system32\MSCTF.dll
0x0000000078c20000 - 0x0000000078cf2000 	C:\Program Files\Java\jdk1.8.0_45\jre\bin\msvcr100.dll
0x000000006fde0000 - 0x0000000070663000 	C:\Program Files\Java\jdk1.8.0_45\jre\bin\server\jvm.dll
0x000007fef6e40000 - 0x000007fef6e49000 	C:\Windows\system32\WSOCK32.dll
0x000007feff100000 - 0x000007feff14d000 	C:\Windows\system32\WS2_32.dll
0x000007fefed10000 - 0x000007fefed18000 	C:\Windows\system32\NSI.dll
0x000007fefb130000 - 0x000007fefb16b000 	C:\Windows\system32\WINMM.dll
0x000007fefc320000 - 0x000007fefc32c000 	C:\Windows\system32\VERSION.dll
0x00000000775c0000 - 0x00000000775c7000 	C:\Windows\system32\PSAPI.DLL
0x0000000000150000 - 0x000000000015f000 	C:\Program Files\Java\jdk1.8.0_45\jre\bin\verify.dll
0x000000006cd20000 - 0x000000006cd49000 	C:\Program Files\Java\jdk1.8.0_45\jre\bin\java.dll
0x0000000070d30000 - 0x0000000070d46000 	C:\Program Files\Java\jdk1.8.0_45\jre\bin\zip.dll
0x000007fefde20000 - 0x000007fefebaa000 	C:\Windows\system32\SHELL32.dll
0x000007fefd7f0000 - 0x000007fefd9f3000 	C:\Windows\system32\ole32.dll
0x000007fefd240000 - 0x000007fefd24f000 	C:\Windows\system32\profapi.dll

VM Arguments:
jvm_args: -Djava.awt.headless=true -Xmx1024M -Dfile.encoding=windows-1252 -Duser.country=IN -Duser.language=en -Duser.variant 
java_command: com.android.dx.command.Main --dex --force-jumbo --num-threads=4 --multi-dex --output E:\Android\Sunshine\MadeMyself\MovieInfoPro\app\build\intermediates\transforms\dex\debug\folders\1000\5\slice_6 E:\Android\Sunshine\MadeMyself\MovieInfoPro\app\build\intermediates\transforms\instantRunSlicer\debug\folders\1\5\slice_6
java_class_path (initial): C:\Users\ravidwivedi\AppData\Local\Android\sdk\build-tools\23.0.2\lib\dx.jar
Launcher Type: SUN_STANDARD

Environment Variables:
JAVA_HOME=C:\Program Files\Java\jdk1.8.0_45
PATH=C:\ProgramData\Oracle\Java\javapath;C:\Program Files (x86)\Intel\iCLS Client\;C:\Program Files\Intel\iCLS Client\;C:\Windows\system32;C:\Windows;C:\Windows\System32\Wbem;C:\Windows\System32\WindowsPowerShell\v1.0\;C:\Program Files\Intel\WiFi\bin\;C:\Program Files\Common Files\Intel\WirelessCommon\;C:\Program Files\Intel\Intel(R) Management Engine Components\DAL;C:\Program Files (x86)\Intel\Intel(R) Management Engine Components\DAL;C:\Program Files\Intel\Intel(R) Management Engine Components\IPT;C:\Program Files (x86)\Intel\Intel(R) Management Engine Components\IPT;C:\Program Files (x86)\Intel\OpenCL SDK\3.0\bin\x86;C:\Program Files (x86)\Intel\OpenCL SDK\3.0\bin\x64;C:\Program Files\TortoiseSVN\bin;C:\Program Files\Microsoft SQL Server\120\DTS\Binn\;C:\Program Files\Microsoft SQL Server\Client SDK\ODBC\110\Tools\Binn\;C:\Program Files (x86)\Microsoft SQL Server\120\Tools\Binn\;C:\Program Files\Microsoft SQL Server\120\Tools\Binn\;C:\Program Files (x86)\Microsoft SQL Server\120\Tools\Binn\ManagementStudio\;C:\Program Files (x86)\Microsoft SQL Server\120\DTS\Binn\;C:\Program Files (x86)\Windows Kits\8.1\Windows Performance Toolkit\;C:\Program Files\Microsoft SQL Server\110\Tools\Binn\;C:\Program Files (x86)\Microsoft SDKs\TypeScript\1.0\;C:\Program Files\MongoDB\Server\3.0\bin\;C:\Program Files\Java\jdk1.8.0_45\bin\;C:\Program Files (x86)\Skype\Phone\;C:\Program Files (x86)\Microsoft SQL Server\100\Tools\Binn\;C:\Program Files\Microsoft SQL Server\100\Tools\Binn\;C:\Program Files\Microsoft SQL Server\100\DTS\Binn\;C:\Program Files (x86)\Microsoft SQL Server\100\Tools\Binn\VSShell\Common7\IDE\;C:\Program Files (x86)\Microsoft Visual Studio 9.0\Common7\IDE\PrivateAssemblies\;C:\Program Files (x86)\Microsoft SQL Server\100\DTS\Binn\;C:\Program Files (x86)\GitExtensions\;C:\Program Files\TortoiseGit\bin
USERNAME=ravidwivedi
OS=Windows_NT
PROCESSOR_IDENTIFIER=Intel64 Family 6 Model 60 Stepping 3, GenuineIntel



---------------  S Y S T E M  ---------------

OS: Windows 7 , 64 bit Build 7601 (6.1.7601.23391)

CPU:total 4 (2 cores per cpu, 2 threads per core) family 6 model 60 stepping 3, cmov, cx8, fxsr, mmx, sse, sse2, sse3, ssse3, sse4.1, sse4.2, popcnt, avx, avx2, aes, clmul, erms, lzcnt, ht, tsc, tscinvbit, bmi1, bmi2

Memory: 4k page, physical 16680336k(3673564k free), swap 16883280k(312272k free)

vm_info: Java HotSpot(TM) 64-Bit Server VM (25.45-b02) for windows-amd64 JRE (1.8.0_45-b15), built on Apr 30 2015 12:40:44 by "java_re" with MS VC++ 10.0 (VS2010)

time: Thu Apr 28 18:29:48 2016
elapsed time: 0 seconds (0d 0h 0m 0s)

