#
# A fatal error has been detected by the Java Runtime Environment:
#
#  EXCEPTION_ACCESS_VIOLATION (0xc0000005) at pc=0x000000006ffeffb7, pid=15828, tid=14896
#
# JRE version: Java(TM) SE Runtime Environment (8.0_45-b15) (build 1.8.0_45-b15)
# Java VM: Java HotSpot(TM) 64-Bit Server VM (25.45-b02 mixed mode windows-amd64 compressed oops)
# Problematic frame:
# V  [jvm.dll+0x20ffb7]
#
# Failed to write core dump. Minidumps are not enabled by default on client versions of Windows
#
# If you would like to submit a bug report, please visit:
#   http://bugreport.java.com/bugreport/crash.jsp
#

---------------  T H R E A D  ---------------

Current thread (0x000000005685e000):  JavaThread "pool-2-thread-3" [_thread_in_vm, id=14896, stack(0x0000000057c80000,0x0000000057d80000)]

siginfo: ExceptionCode=0xc0000005, writing address 0x0000000057d7a590

Registers:
RAX=0x0000000057d7a590, RBX=0x0000000000000006, RCX=0x0000000000005000, RDX=0x0000000000000006
RSP=0x0000000057d7f590, RBP=0x0000000000000000, RSI=0x0000000057d7f590, RDI=0x0000000000000006
R8 =0x0000000000000006, R9 =0x00000000568523f0, R10=0x00000000548ad358, R11=0x0000000057c8a148
R12=0x00000000568523f0, R13=0x000000005685e000, R14=0x0000000057d7f658, R15=0x00000000548ad358
RIP=0x000000006ffeffb7, EFLAGS=0x0000000000010206

Top of Stack: (sp=0x0000000057d7f590)
0x0000000057d7f590:   000000007752d660 00000000ffffffff
0x0000000057d7f5a0:   000000005685e000 00000000568523f0
0x0000000057d7f5b0:   00000000ffffffff 000000006fff0ee7
0x0000000057d7f5c0:   0000000057d7f6c0 00000000548ad358
0x0000000057d7f5d0:   000000005685e000 000000006fe9ea13
0x0000000057d7f5e0:   0000000057d7f620 000000005685e000
0x0000000057d7f5f0:   0000000057d7f6b0 000000005685e000
0x0000000057d7f600:   00000000548ad358 000000005685e000
0x0000000057d7f610:   00000000029910c0 000000005685e000
0x0000000057d7f620:   00000000548ad358 000000005685e000
0x0000000057d7f630:   00000000548ad358 000000005685e000
0x0000000057d7f640:   0000000000000001 00000000548ad358
0x0000000057d7f650:   000000005685e000 0000000056689660
0x0000000057d7f660:   000000005685e000 000000006fe9fefd
0x0000000057d7f670:   0000000057d7f978 00000000148869a0
0x0000000057d7f680:   00000000148869a0 0000000000000000 

Instructions: (pc=0x000000006ffeffb7)
0x000000006ffeff97:   48 89 6c 24 30 33 ed 66 90 e8 4b 35 08 00 ff c3
0x000000006ffeffa7:   48 63 c8 48 8b c6 48 0f af cf 48 ff c7 48 2b c1
0x000000006ffeffb7:   89 28 48 63 c3 48 3b 05 4d 66 58 00 7e db 48 8b
0x000000006ffeffc7:   6c 24 30 48 8b 5c 24 38 48 8b 74 24 40 48 83 c4 


Register to memory mapping:

RAX=0x0000000057d7a590 is pointing into the stack for thread: 0x000000005685e000
RBX=0x0000000000000006 is an unknown value
RCX=0x0000000000005000 is an unknown value
RDX=0x0000000000000006 is an unknown value
RSP=0x0000000057d7f590 is pointing into the stack for thread: 0x000000005685e000
RBP=0x0000000000000000 is an unknown value
RSI=0x0000000057d7f590 is pointing into the stack for thread: 0x000000005685e000
RDI=0x0000000000000006 is an unknown value
R8 =0x0000000000000006 is an unknown value
R9 =0x00000000568523f0 is an unknown value
R10={method} {0x00000000548ad360} 'run' '()V' in 'java/lang/Thread'
R11=0x0000000057c8a148 is pointing into the stack for thread: 0x000000005685e000
R12=0x00000000568523f0 is an unknown value
R13=0x000000005685e000 is a thread
R14=0x0000000057d7f658 is pointing into the stack for thread: 0x000000005685e000
R15={method} {0x00000000548ad360} 'run' '()V' in 'java/lang/Thread'


Stack: [0x0000000057c80000,0x0000000057d80000],  sp=0x0000000057d7f590,  free space=1021k
Native frames: (J=compiled Java code, j=interpreted, Vv=VM code, C=native code)


---------------  P R O C E S S  ---------------

Java Threads: ( => current thread )
  0x0000000056862800 JavaThread "pool-2-thread-4" [_thread_new, id=15804, stack(0x0000000000000000,0x0000000000000000)]
=>0x000000005685e000 JavaThread "pool-2-thread-3" [_thread_in_vm, id=14896, stack(0x0000000057c80000,0x0000000057d80000)]
  0x0000000056855800 JavaThread "pool-2-thread-2" [_thread_new, id=15676, stack(0x0000000000000000,0x0000000000000000)]
  0x0000000056850000 JavaThread "pool-3-thread-1" [_thread_blocked, id=15296, stack(0x00000000578d0000,0x00000000579d0000)]
  0x0000000056835800 JavaThread "pool-2-thread-1" [_thread_new, id=7420, stack(0x0000000000000000,0x0000000000000000)]
  0x000000005667c800 JavaThread "Service Thread" daemon [_thread_blocked, id=6896, stack(0x00000000572f0000,0x00000000573f0000)]
  0x000000005527f000 JavaThread "C1 CompilerThread2" daemon [_thread_blocked, id=5128, stack(0x0000000057110000,0x0000000057210000)]
  0x000000005662b800 JavaThread "C2 CompilerThread1" daemon [_thread_in_native, id=15768, stack(0x0000000056f50000,0x0000000057050000)]
  0x0000000056622800 JavaThread "C2 CompilerThread0" daemon [_thread_blocked, id=10868, stack(0x0000000056410000,0x0000000056510000)]
  0x0000000055274800 JavaThread "Attach Listener" daemon [_thread_blocked, id=15492, stack(0x0000000056d00000,0x0000000056e00000)]
  0x0000000055273800 JavaThread "Signal Dispatcher" daemon [_thread_blocked, id=11380, stack(0x0000000056b00000,0x0000000056c00000)]
  0x0000000055215000 JavaThread "Finalizer" daemon [_thread_blocked, id=11076, stack(0x0000000056520000,0x0000000056620000)]
  0x0000000055213800 JavaThread "Reference Handler" daemon [_thread_blocked, id=16124, stack(0x0000000056310000,0x0000000056410000)]
  0x00000000004ff000 JavaThread "main" [_thread_in_native, id=15644, stack(0x00000000025b0000,0x00000000026b0000)]

Other Threads:
  0x000000005520c000 VMThread [stack: 0x0000000056130000,0x0000000056230000] [id=15464]
  0x0000000056680000 WatcherThread [stack: 0x00000000574d0000,0x00000000575d0000] [id=16008]

VM state:not at safepoint (normal execution)

VM Mutex/Monitor currently owned by a thread: None

Heap:
 PSYoungGen      total 76288K, used 9180K [0x00000000eab00000, 0x00000000f0000000, 0x0000000100000000)
  eden space 65536K, 14% used [0x00000000eab00000,0x00000000eb3f7188,0x00000000eeb00000)
  from space 10752K, 0% used [0x00000000ef580000,0x00000000ef580000,0x00000000f0000000)
  to   space 10752K, 0% used [0x00000000eeb00000,0x00000000eeb00000,0x00000000ef580000)
 ParOldGen       total 175104K, used 0K [0x00000000c0000000, 0x00000000cab00000, 0x00000000eab00000)
  object space 175104K, 0% used [0x00000000c0000000,0x00000000c0000000,0x00000000cab00000)
 Metaspace       used 4032K, capacity 5232K, committed 5376K, reserved 1056768K
  class space    used 447K, capacity 488K, committed 512K, reserved 1048576K

Card table byte_map: [0x0000000011d40000,0x0000000011f50000] byte_map_base: 0x0000000011740000

Marking Bits: (ParMarkBitMap*) 0x00000000705e4040
 Begin Bits: [0x0000000012680000, 0x0000000013680000)
 End Bits:   [0x0000000013680000, 0x0000000014680000)

Polling page: 0x0000000000260000

CodeCache: size=245760Kb used=1713Kb max_used=1713Kb free=244046Kb
 bounds [0x0000000002980000, 0x0000000002bf0000, 0x0000000011980000]
 total_blobs=536 nmethods=277 adapters=172
 compilation: enabled

Compilation events (10 events):
Event: 0.509 Thread 0x000000005527f000  275       3       com.android.dx.cf.direct.AttributeListParser::parseIfNecessary (12 bytes)
Event: 0.509 Thread 0x000000005527f000 nmethod 275 0x0000000002b2bd90 code [0x0000000002b2bf00, 0x0000000002b2c0c8]
Event: 0.509 Thread 0x000000005527f000  274       3       com.android.dx.util.MutabilityControl::setImmutable (6 bytes)
Event: 0.509 Thread 0x000000005527f000 nmethod 274 0x0000000002b2c150 code [0x0000000002b2c2a0, 0x0000000002b2c3f0]
Event: 0.509 Thread 0x000000005527f000  268       3       com.android.dx.cf.attrib.BaseAttribute::<init> (24 bytes)
Event: 0.509 Thread 0x000000005527f000 nmethod 268 0x0000000002b2c490 code [0x0000000002b2c600, 0x0000000002b2c8c8]
Event: 0.509 Thread 0x000000005527f000  276       1       com.android.dx.cf.direct.MemberListParser::getDefiner (5 bytes)
Event: 0.509 Thread 0x000000005527f000 nmethod 276 0x0000000002b2c9d0 code [0x0000000002b2cb20, 0x0000000002b2cc30]
Event: 0.510 Thread 0x000000005527f000  277       3       java.util.jar.Attributes$Name::hashCode (24 bytes)
Event: 0.510 Thread 0x000000005527f000 nmethod 277 0x0000000002b2ce90 code [0x0000000002b2d000, 0x0000000002b2d1c8]

GC Heap History (0 events):
No events

Deoptimization events (0 events):
No events

Internal exceptions (2 events):
Event: 0.117 Thread 0x00000000004ff000 Exception <a 'java/lang/NoSuchMethodError': Method sun.misc.Unsafe.defineClass(Ljava/lang/String;[BII)Ljava/lang/Class; name or signature does not match> (0x00000000eab0e020) thrown at [C:\re\workspace\8-2-build-windows-amd64-cygwin\jdk8u45\3627\hotspot\sr>•šaò½?
Event: 0.117 Thread 0x00000000004ff000 Exception <a 'java/lang/NoSuchMethodError': Method sun.misc.Unsafe.prefetchRead(Ljava/lang/Object;J)V name or signature does not match> (0x00000000eab0e2b0) thrown at [C:\re\workspace\8-2-build-windows-amd64-cygwin\jdk8u45\3627\hotspot\src\share\vm\prims\j

Events (10 events):
Event: 0.508 loading class com/android/dx/dex/cf/CfTranslator
Event: 0.508 loading class com/android/dx/dex/cf/CfTranslator done
Event: 0.509 loading class com/android/dx/dex/code/DalvCode$AssignIndicesCallback
Event: 0.509 loading class com/android/dx/dex/code/DalvCode$AssignIndicesCallback done
Event: 0.509 loading class com/android/dx/rop/code/TranslationAdvice
Event: 0.509 loading class com/android/dx/rop/code/TranslationAdvice done
Event: 0.510 loading class com/android/dx/dex/cf/OptimizerOptions
Event: 0.510 loading class com/android/dx/dex/cf/OptimizerOptions done
Event: 0.510 loading class com/android/dx/dex/file/ClassDefItem
Event: 0.510 loading class com/android/dx/dex/file/ClassDefItem done


Dynamic libraries:
0x000000013f0d0000 - 0x000000013f107000 	C:\Program Files\Java\jdk1.8.0_45\bin\java.exe
0x0000000077400000 - 0x00000000775aa000 	C:\Windows\SYSTEM32\ntdll.dll
0x00000000771e0000 - 0x00000000772ff000 	C:\Windows\system32\kernel32.dll
0x000007fefd370000 - 0x000007fefd3da000 	C:\Windows\system32\KERNELBASE.dll
0x0000000074f40000 - 0x0000000074fc9000 	C:\Windows\System32\SYSFER.DLL
0x000007feff610000 - 0x000007feff6eb000 	C:\Windows\system32\ADVAPI32.dll
0x000007fefdb00000 - 0x000007fefdb9f000 	C:\Windows\system32\msvcrt.dll
0x000007feff6f0000 - 0x000007feff70f000 	C:\Windows\SYSTEM32\sechost.dll
0x000007fefebe0000 - 0x000007fefed0d000 	C:\Windows\system32\RPCRT4.dll
0x0000000077300000 - 0x00000000773fa000 	C:\Windows\system32\USER32.dll
0x000007fefee00000 - 0x000007fefee67000 	C:\Windows\system32\GDI32.dll
0x000007fefd6d0000 - 0x000007fefd6de000 	C:\Windows\system32\LPK.dll
0x000007fefd600000 - 0x000007fefd6ca000 	C:\Windows\system32\USP10.dll
0x000007fefbc30000 - 0x000007fefbe24000 	C:\Windows\WinSxS\amd64_microsoft.windows.common-controls_6595b64144ccf1df_6.0.7601.18837_none_fa3b1e3d17594757\COMCTL32.dll
0x000007feff4f0000 - 0x000007feff561000 	C:\Windows\system32\SHLWAPI.dll
0x000007fefebb0000 - 0x000007fefebde000 	C:\Windows\system32\IMM32.DLL
0x000007fefd6e0000 - 0x000007fefd7e9000 	C:\Windows\system32\MSCTF.dll
0x0000000078c20000 - 0x0000000078cf2000 	C:\Program Files\Java\jdk1.8.0_45\jre\bin\msvcr100.dll
0x000000006fde0000 - 0x0000000070663000 	C:\Program Files\Java\jdk1.8.0_45\jre\bin\server\jvm.dll
0x000007fef6e40000 - 0x000007fef6e49000 	C:\Windows\system32\WSOCK32.dll
0x000007feff100000 - 0x000007feff14d000 	C:\Windows\system32\WS2_32.dll
0x000007fefed10000 - 0x000007fefed18000 	C:\Windows\system32\NSI.dll
0x000007fefb130000 - 0x000007fefb16b000 	C:\Windows\system32\WINMM.dll
0x000007fefc320000 - 0x000007fefc32c000 	C:\Windows\system32\VERSION.dll
0x00000000775c0000 - 0x00000000775c7000 	C:\Windows\system32\PSAPI.DLL
0x0000000000250000 - 0x000000000025f000 	C:\Program Files\Java\jdk1.8.0_45\jre\bin\verify.dll
0x000000006cd20000 - 0x000000006cd49000 	C:\Program Files\Java\jdk1.8.0_45\jre\bin\java.dll
0x0000000070d30000 - 0x0000000070d46000 	C:\Program Files\Java\jdk1.8.0_45\jre\bin\zip.dll
0x000007fefde20000 - 0x000007fefebaa000 	C:\Windows\system32\SHELL32.dll
0x000007fefd7f0000 - 0x000007fefd9f3000 	C:\Windows\system32\ole32.dll
0x000007fefd240000 - 0x000007fefd24f000 	C:\Windows\system32\profapi.dll

VM Arguments:
jvm_args: -Djava.awt.headless=true -Xmx1024M -Dfile.encoding=windows-1252 -Duser.country=IN -Duser.language=en -Duser.variant 
java_command: com.android.dx.command.Main --dex --force-jumbo --num-threads=4 --multi-dex --output E:\Android\Sunshine\MadeMyself\MovieInfoPro\app\build\intermediates\transforms\dex\debug\folders\1000\10\com.android.support-recyclerview-v7-23.3.0_d7e00c542c93b61ff26037949912d53630388ecb E:\Android\Sunshine\MadeMyself\MovieInfoPro\app\build\intermediates\exploded-aar\com.android.support\recyclerview-v7\23.3.0\jars\classes.jar
java_class_path (initial): C:\Users\ravidwivedi\AppData\Local\Android\sdk\build-tools\23.0.2\lib\dx.jar
Launcher Type: SUN_STANDARD

Environment Variables:
JAVA_HOME=C:\Program Files\Java\jdk1.8.0_45
PATH=C:\ProgramData\Oracle\Java\javapath;C:\Program Files (x86)\Intel\iCLS Client\;C:\Program Files\Intel\iCLS Client\;C:\Windows\system32;C:\Windows;C:\Windows\System32\Wbem;C:\Windows\System32\WindowsPowerShell\v1.0\;C:\Program Files\Intel\WiFi\bin\;C:\Program Files\Common Files\Intel\WirelessCommon\;C:\Program Files\Intel\Intel(R) Management Engine Components\DAL;C:\Program Files (x86)\Intel\Intel(R) Management Engine Components\DAL;C:\Program Files\Intel\Intel(R) Management Engine Components\IPT;C:\Program Files (x86)\Intel\Intel(R) Management Engine Components\IPT;C:\Program Files (x86)\Intel\OpenCL SDK\3.0\bin\x86;C:\Program Files (x86)\Intel\OpenCL SDK\3.0\bin\x64;C:\Program Files\TortoiseSVN\bin;C:\Program Files\Microsoft SQL Server\120\DTS\Binn\;C:\Program Files\Microsoft SQL Server\Client SDK\ODBC\110\Tools\Binn\;C:\Program Files (x86)\Microsoft SQL Server\120\Tools\Binn\;C:\Program Files\Microsoft SQL Server\120\Tools\Binn\;C:\Program Files (x86)\Microsoft SQL Server\120\Tools\Binn\ManagementStudio\;C:\Program Files (x86)\Microsoft SQL Server\120\DTS\Binn\;C:\Program Files (x86)\Windows Kits\8.1\Windows Performance Toolkit\;C:\Program Files\Microsoft SQL Server\110\Tools\Binn\;C:\Program Files (x86)\Microsoft SDKs\TypeScript\1.0\;C:\Program Files\MongoDB\Server\3.0\bin\;C:\Program Files\Java\jdk1.8.0_45\bin\;C:\Program Files (x86)\Skype\Phone\;C:\Program Files (x86)\Microsoft SQL Server\100\Tools\Binn\;C:\Program Files\Microsoft SQL Server\100\Tools\Binn\;C:\Program Files\Microsoft SQL Server\100\DTS\Binn\;C:\Program Files (x86)\Microsoft SQL Server\100\Tools\Binn\VSShell\Common7\IDE\;C:\Program Files (x86)\Microsoft Visual Studio 9.0\Common7\IDE\PrivateAssemblies\;C:\Program Files (x86)\Microsoft SQL Server\100\DTS\Binn\;C:\Program Files (x86)\GitExtensions\;C:\Program Files\TortoiseGit\bin
USERNAME=ravidwivedi
OS=Windows_NT
PROCESSOR_IDENTIFIER=Intel64 Family 6 Model 60 Stepping 3, GenuineIntel



---------------  S Y S T E M  ---------------

OS: Windows 7 , 64 bit Build 7601 (6.1.7601.23391)

CPU:total 4 (2 cores per cpu, 2 threads per core) family 6 model 60 stepping 3, cmov, cx8, fxsr, mmx, sse, sse2, sse3, ssse3, sse4.1, sse4.2, popcnt, avx, avx2, aes, clmul, erms, lzcnt, ht, tsc, tscinvbit, bmi1, bmi2

Memory: 4k page, physical 16680336k(3600964k free), swap 16883280k(4068k free)

vm_info: Java HotSpot(TM) 64-Bit Server VM (25.45-b02) for windows-amd64 JRE (1.8.0_45-b15), built on Apr 30 2015 12:40:44 by "java_re" with MS VC++ 10.0 (VS2010)

time: Thu Apr 28 18:29:46 2016
elapsed time: 0 seconds (0d 0h 0m 0s)

