#
# There is insufficient memory for the Java Runtime Environment to continue.
# Native memory allocation (malloc) failed to allocate 1190896 bytes for Chunk::new
# Possible reasons:
#   The system is out of physical RAM or swap space
#   In 32 bit mode, the process size limit was hit
# Possible solutions:
#   Reduce memory load on the system
#   Increase physical memory or swap space
#   Check if swap backing store is full
#   Use 64 bit Java on a 64 bit OS
#   Decrease Java heap size (-Xmx/-Xms)
#   Decrease number of Java threads
#   Decrease Java thread stack sizes (-Xss)
#   Set larger code cache with -XX:ReservedCodeCacheSize=
# This output file may be truncated or incomplete.
#
#  Out of Memory Error (allocation.cpp:390), pid=14400, tid=15804
#
# JRE version: Java(TM) SE Runtime Environment (8.0_45-b15) (build 1.8.0_45-b15)
# Java VM: Java HotSpot(TM) 64-Bit Server VM (25.45-b02 mixed mode windows-amd64 compressed oops)
# Failed to write core dump. Minidumps are not enabled by default on client versions of Windows
#

---------------  T H R E A D  ---------------

Current thread (0x0000000056823000):  JavaThread "C2 CompilerThread0" daemon [_thread_in_native, id=15804, stack(0x0000000057070000,0x0000000057170000)]

Stack: [0x0000000057070000,0x0000000057170000]
Native frames: (J=compiled Java code, j=interpreted, Vv=VM code, C=native code)
V  [jvm.dll+0x32b57a]


Current CompileTask:
C2:   2742 1570       4       com.android.dx.ssa.LocalVariableExtractor::processBlock (383 bytes)


---------------  P R O C E S S  ---------------

Java Threads: ( => current thread )
  0x0000000056995000 JavaThread "pool-1-thread-4" [_thread_blocked, id=15744, stack(0x0000000057330000,0x0000000057430000)]
  0x0000000056991800 JavaThread "pool-1-thread-3" [_thread_in_Java, id=15776, stack(0x0000000057ab0000,0x0000000057bb0000)]
  0x000000005698b000 JavaThread "pool-1-thread-2" [_thread_in_Java, id=15728, stack(0x0000000057920000,0x0000000057a20000)]
  0x0000000056986800 JavaThread "pool-2-thread-1" [_thread_blocked, id=15368, stack(0x0000000057720000,0x0000000057820000)]
  0x0000000056981800 JavaThread "pool-1-thread-1" [_thread_blocked, id=15688, stack(0x0000000057600000,0x0000000057700000)]
  0x000000005688d000 JavaThread "Service Thread" daemon [_thread_blocked, id=10276, stack(0x0000000056620000,0x0000000056720000)]
  0x0000000056828800 JavaThread "C1 CompilerThread2" daemon [_thread_blocked, id=16056, stack(0x0000000056f10000,0x0000000057010000)]
  0x0000000056827800 JavaThread "C2 CompilerThread1" daemon [_thread_in_native, id=12008, stack(0x0000000057230000,0x0000000057330000)]
=>0x0000000056823000 JavaThread "C2 CompilerThread0" daemon [_thread_in_native, id=15804, stack(0x0000000057070000,0x0000000057170000)]
  0x0000000056820800 JavaThread "Attach Listener" daemon [_thread_blocked, id=7360, stack(0x0000000056cb0000,0x0000000056db0000)]
  0x0000000055453800 JavaThread "Signal Dispatcher" daemon [_thread_blocked, id=15536, stack(0x0000000056dd0000,0x0000000056ed0000)]
  0x00000000553f8800 JavaThread "Finalizer" daemon [_thread_blocked, id=12228, stack(0x0000000056720000,0x0000000056820000)]
  0x00000000553f1800 JavaThread "Reference Handler" daemon [_thread_blocked, id=15676, stack(0x00000000563b0000,0x00000000564b0000)]
  0x000000000249f000 JavaThread "main" [_thread_blocked, id=15276, stack(0x00000000026f0000,0x00000000027f0000)]

Other Threads:
  0x00000000553ec000 VMThread [stack: 0x00000000564f0000,0x00000000565f0000] [id=15328]
  0x0000000056890800 WatcherThread [stack: 0x00000000574e0000,0x00000000575e0000] [id=16176]

VM state:not at safepoint (normal execution)

VM Mutex/Monitor currently owned by a thread: None

Heap:
 PSYoungGen      total 76288K, used 23409K [0x00000000eab00000, 0x00000000f4000000, 0x0000000100000000)
  eden space 65536K, 19% used [0x00000000eab00000,0x00000000eb75d260,0x00000000eeb00000)
  from space 10752K, 99% used [0x00000000ef580000,0x00000000effff388,0x00000000f0000000)
  to   space 10752K, 0% used [0x00000000eeb00000,0x00000000eeb00000,0x00000000ef580000)
 ParOldGen       total 175104K, used 6483K [0x00000000c0000000, 0x00000000cab00000, 0x00000000eab00000)
  object space 175104K, 3% used [0x00000000c0000000,0x00000000c0654db8,0x00000000cab00000)
 Metaspace       used 6217K, capacity 7128K, committed 7424K, reserved 1056768K
  class space    used 613K, capacity 656K, committed 768K, reserved 1048576K

Card table byte_map: [0x0000000011e80000,0x0000000012090000] byte_map_base: 0x0000000011880000

Marking Bits: (ParMarkBitMap*) 0x00000000705e4040
 Begin Bits: [0x0000000012860000, 0x0000000013860000)
 End Bits:   [0x0000000013860000, 0x0000000014860000)

Polling page: 0x0000000000160000

CodeCache: size=245760Kb used=6422Kb max_used=6430Kb free=239337Kb
 bounds [0x0000000002ac0000, 0x0000000003110000, 0x0000000011ac0000]
 total_blobs=1903 nmethods=1634 adapters=182
 compilation: enabled

Compilation events (10 events):
Event: 2.683 Thread 0x0000000056827800 nmethod 1663 0x0000000003107150 code [0x00000000031072e0, 0x0000000003107828]
Event: 2.683 Thread 0x0000000056827800 1673       4       com.android.dx.ssa.SCCP::simulatePhi (169 bytes)
Event: 2.730 Thread 0x0000000056828800 1676       2       com.android.dx.rop.cst.CstString::<init> (42 bytes)
Event: 2.730 Thread 0x0000000056828800 nmethod 1676 0x00000000030f8b10 code [0x00000000030f8ca0, 0x00000000030f8fb8]
Event: 2.731 Thread 0x0000000056828800 1677       2       com.android.dx.cf.code.LocalVariableList$Item::access$000 (5 bytes)
Event: 2.731 Thread 0x0000000056828800 nmethod 1677 0x00000000030f87d0 code [0x00000000030f8920, 0x00000000030f8a50]
Event: 2.731 Thread 0x0000000056828800 1678       2       com.android.dx.cf.code.LocalVariableList$Item::withSignature (29 bytes)
Event: 2.732 Thread 0x0000000056828800 nmethod 1678 0x00000000030f83d0 code [0x00000000030f8540, 0x00000000030f8728]
Event: 2.734 Thread 0x0000000056828800 1679       2       com.android.dx.rop.annotation.NameValuePair::<init> (43 bytes)
Event: 2.734 Thread 0x0000000056828800 nmethod 1679 0x00000000030f7e10 code [0x00000000030f7fa0, 0x00000000030f8278]

GC Heap History (4 events):
Event: 2.159 GC heap before
{Heap before GC invocations=1 (full 0):
 PSYoungGen      total 76288K, used 65536K [0x00000000eab00000, 0x00000000f0000000, 0x0000000100000000)
  eden space 65536K, 100% used [0x00000000eab00000,0x00000000eeb00000,0x00000000eeb00000)
  from space 10752K, 0% used [0x00000000ef580000,0x00000000ef580000,0x00000000f0000000)
  to   space 10752K, 0% used [0x00000000eeb00000,0x00000000eeb00000,0x00000000ef580000)
 ParOldGen       total 175104K, used 0K [0x00000000c0000000, 0x00000000cab00000, 0x00000000eab00000)
  object space 175104K, 0% used [0x00000000c0000000,0x00000000c0000000,0x00000000cab00000)
 Metaspace       used 6016K, capacity 7024K, committed 7296K, reserved 1056768K
  class space    used 592K, capacity 616K, committed 640K, reserved 1048576K
Event: 2.172 GC heap after
Heap after GC invocations=1 (full 0):
 PSYoungGen      total 76288K, used 10720K [0x00000000eab00000, 0x00000000f0000000, 0x0000000100000000)
  eden space 65536K, 0% used [0x00000000eab00000,0x00000000eab00000,0x00000000eeb00000)
  from space 10752K, 99% used [0x00000000eeb00000,0x00000000ef578308,0x00000000ef580000)
  to   space 10752K, 0% used [0x00000000ef580000,0x00000000ef580000,0x00000000f0000000)
 ParOldGen       total 175104K, used 191K [0x00000000c0000000, 0x00000000cab00000, 0x00000000eab00000)
  object space 175104K, 0% used [0x00000000c0000000,0x00000000c002fd10,0x00000000cab00000)
 Metaspace       used 6016K, capacity 7024K, committed 7296K, reserved 1056768K
  class space    used 592K, capacity 616K, committed 640K, reserved 1048576K
}
Event: 2.583 GC heap before
{Heap before GC invocations=2 (full 0):
 PSYoungGen      total 76288K, used 76256K [0x00000000eab00000, 0x00000000f0000000, 0x0000000100000000)
  eden space 65536K, 100% used [0x00000000eab00000,0x00000000eeb00000,0x00000000eeb00000)
  from space 10752K, 99% used [0x00000000eeb00000,0x00000000ef578308,0x00000000ef580000)
  to   space 10752K, 0% used [0x00000000ef580000,0x00000000ef580000,0x00000000f0000000)
 ParOldGen       total 175104K, used 191K [0x00000000c0000000, 0x00000000cab00000, 0x00000000eab00000)
  object space 175104K, 0% used [0x00000000c0000000,0x00000000c002fd10,0x00000000cab00000)
 Metaspace       used 6216K, capacity 7128K, committed 7424K, reserved 1056768K
  class space    used 613K, capacity 656K, committed 768K, reserved 1048576K
Event: 2.604 GC heap after
Heap after GC invocations=2 (full 0):
 PSYoungGen      total 76288K, used 10748K [0x00000000eab00000, 0x00000000f4000000, 0x0000000100000000)
  eden space 65536K, 0% used [0x00000000eab00000,0x00000000eab00000,0x00000000eeb00000)
  from space 10752K, 99% used [0x00000000ef580000,0x00000000effff388,0x00000000f0000000)
  to   space 10752K, 0% used [0x00000000eeb00000,0x00000000eeb00000,0x00000000ef580000)
 ParOldGen       total 175104K, used 6483K [0x00000000c0000000, 0x00000000cab00000, 0x00000000eab00000)
  object space 175104K, 3% used [0x00000000c0000000,0x00000000c0654db8,0x00000000cab00000)
 Metaspace       used 6216K, capacity 7128K, committed 7424K, reserved 1056768K
  class space    used 613K, capacity 656K, committed 768K, reserved 1048576K
}

Deoptimization events (10 events):
Event: 2.239 Thread 0x0000000056995000 Uncommon trap: reason=unstable_if action=reinterpret pc=0x0000000002d84b48 method=java.util.HashMap.putVal(ILjava/lang/Object;Ljava/lang/Object;ZZ)Ljava/lang/Object; @ 162
Event: 2.252 Thread 0x0000000056995000 Uncommon trap: reason=unstable_if action=reinterpret pc=0x0000000002fc30a8 method=java.util.HashMap.getNode(ILjava/lang/Object;)Ljava/util/HashMap$Node; @ 84
Event: 2.255 Thread 0x0000000056995000 Uncommon trap: reason=unstable_if action=reinterpret pc=0x0000000003039bac method=java.util.HashMap.putVal(ILjava/lang/Object;Ljava/lang/Object;ZZ)Ljava/lang/Object; @ 162
Event: 2.286 Thread 0x000000005698b000 Uncommon trap: reason=unstable_if action=reinterpret pc=0x0000000002eb5c28 method=com.android.dx.cf.code.Ropper.labelToResultIndex(I)I @ 34
Event: 2.287 Thread 0x000000005698b000 Uncommon trap: reason=null_check action=make_not_entrant pc=0x0000000002d1fac0 method=com.android.dx.ssa.SsaRenamer.getLocalForNewReg(I)Lcom/android/dx/rop/code/LocalItem; @ 19
Event: 2.317 Thread 0x0000000056981800 Uncommon trap: reason=unstable_if action=reinterpret pc=0x0000000002e904ec method=com.android.dx.util.IntList.binarysearch(I)I @ 105
Event: 2.467 Thread 0x0000000056981800 Uncommon trap: reason=bimorphic action=maybe_recompile pc=0x00000000030b68e0 method=com.android.dx.ssa.NormalSsaInsn.accept(Lcom/android/dx/ssa/SsaInsn$Visitor;)V @ 9
Event: 2.467 Thread 0x0000000056981800 Uncommon trap: reason=bimorphic action=maybe_recompile pc=0x00000000030b68e0 method=com.android.dx.ssa.NormalSsaInsn.accept(Lcom/android/dx/ssa/SsaInsn$Visitor;)V @ 9
Event: 2.467 Thread 0x0000000056981800 Uncommon trap: reason=bimorphic action=maybe_recompile pc=0x00000000030b68e0 method=com.android.dx.ssa.NormalSsaInsn.accept(Lcom/android/dx/ssa/SsaInsn$Visitor;)V @ 9
Event: 2.467 Thread 0x0000000056981800 Uncommon trap: reason=bimorphic action=maybe_recompile pc=0x00000000030b68e0 method=com.android.dx.ssa.NormalSsaInsn.accept(Lcom/android/dx/ssa/SsaInsn$Visitor;)V @ 9

Internal exceptions (7 events):
Event: 0.072 Thread 0x000000000249f000 Exception <a 'java/lang/NoSuchMethodError': Method sun.misc.Unsafe.defineClass(Ljava/lang/String;[BII)Ljava/lang/Class; name or signature does not match> (0x00000000eab0de48) thrown at [C:\re\workspace\8-2-build-windows-amd64-cygwin\jdk8u45\3627\hotspot\sr∞∏e∫Wn≤?
Event: 0.072 Thread 0x000000000249f000 Exception <a 'java/lang/NoSuchMethodError': Method sun.misc.Unsafe.prefetchRead(Ljava/lang/Object;J)V name or signature does not match> (0x00000000eab0e0d8) thrown at [C:\re\workspace\8-2-build-windows-amd64-cygwin\jdk8u45\3627\hotspot\src\share\vm\prims\jª‹ÅÚ@
Event: 2.133 Thread 0x0000000056981800 Implicit null exception at 0x0000000002d86d24 to 0x0000000002d89001
Event: 2.240 Thread 0x0000000056995000 Exception <a 'java/lang/ArrayIndexOutOfBoundsException': 18> (0x00000000ebb6bcb8) thrown at [C:\re\workspace\8-2-build-windows-amd64-cygwin\jdk8u45\3627\hotspot\src\share\vm\interpreter\interpreterRuntime.cpp, line 366]
Event: 2.240 Thread 0x0000000056995000 Exception <a 'java/lang/ArrayIndexOutOfBoundsException': 145> (0x00000000ebb6d788) thrown at [C:\re\workspace\8-2-build-windows-amd64-cygwin\jdk8u45\3627\hotspot\src\share\vm\interpreter\interpreterRuntime.cpp, line 366]
Event: 2.241 Thread 0x0000000056995000 Exception <a 'java/lang/ArrayIndexOutOfBoundsException'> (0x00000000ebb6e9c0) thrown at [C:\re\workspace\8-2-build-windows-amd64-cygwin\jdk8u45\3627\hotspot\src\share\vm\runtime\sharedRuntime.cpp, line 605]
Event: 2.287 Thread 0x000000005698b000 Implicit null exception at 0x0000000002d1d83c to 0x0000000002d1fa8d

Events (10 events):
Event: 2.479 Thread 0x0000000056981800 DEOPT PACKING pc=0x0000000002e6df29 sp=0x00000000576fe6c0
Event: 2.479 Thread 0x0000000056981800 DEOPT UNPACKING pc=0x0000000002b0787f sp=0x00000000576fe488 mode 0
Event: 2.484 Thread 0x0000000056981800 DEOPT PACKING pc=0x000000000309570a sp=0x00000000576fe650
Event: 2.484 Thread 0x0000000056981800 DEOPT UNPACKING pc=0x0000000002b0787f sp=0x00000000576fe3b8 mode 0
Event: 2.499 Thread 0x0000000056981800 DEOPT PACKING pc=0x0000000002e6e1fb sp=0x00000000576fe6a0
Event: 2.499 Thread 0x0000000056981800 DEOPT UNPACKING pc=0x0000000002b0787f sp=0x00000000576fe468 mode 0
Event: 2.516 Thread 0x0000000056981800 DEOPT PACKING pc=0x0000000002e6e1fb sp=0x00000000576fe7d0
Event: 2.516 Thread 0x0000000056981800 DEOPT UNPACKING pc=0x0000000002b0787f sp=0x00000000576fe598 mode 0
Event: 2.583 Executing VM operation: ParallelGCFailedAllocation
Event: 2.604 Executing VM operation: ParallelGCFailedAllocation done


Dynamic libraries:
0x000000013f0d0000 - 0x000000013f107000 	C:\Program Files\Java\jdk1.8.0_45\bin\java.exe
0x0000000077400000 - 0x00000000775aa000 	C:\Windows\SYSTEM32\ntdll.dll
0x00000000771e0000 - 0x00000000772ff000 	C:\Windows\system32\kernel32.dll
0x000007fefd370000 - 0x000007fefd3da000 	C:\Windows\system32\KERNELBASE.dll
0x0000000074f40000 - 0x0000000074fc9000 	C:\Windows\System32\SYSFER.DLL
0x000007feff610000 - 0x000007feff6eb000 	C:\Windows\system32\ADVAPI32.dll
0x000007fefdb00000 - 0x000007fefdb9f000 	C:\Windows\system32\msvcrt.dll
0x000007feff6f0000 - 0x000007feff70f000 	C:\Windows\SYSTEM32\sechost.dll
0x000007fefebe0000 - 0x000007fefed0d000 	C:\Windows\system32\RPCRT4.dll
0x0000000077300000 - 0x00000000773fa000 	C:\Windows\system32\USER32.dll
0x000007fefee00000 - 0x000007fefee67000 	C:\Windows\system32\GDI32.dll
0x000007fefd6d0000 - 0x000007fefd6de000 	C:\Windows\system32\LPK.dll
0x000007fefd600000 - 0x000007fefd6ca000 	C:\Windows\system32\USP10.dll
0x000007fefbc30000 - 0x000007fefbe24000 	C:\Windows\WinSxS\amd64_microsoft.windows.common-controls_6595b64144ccf1df_6.0.7601.18837_none_fa3b1e3d17594757\COMCTL32.dll
0x000007feff4f0000 - 0x000007feff561000 	C:\Windows\system32\SHLWAPI.dll
0x000007fefebb0000 - 0x000007fefebde000 	C:\Windows\system32\IMM32.DLL
0x000007fefd6e0000 - 0x000007fefd7e9000 	C:\Windows\system32\MSCTF.dll
0x0000000078c20000 - 0x0000000078cf2000 	C:\Program Files\Java\jdk1.8.0_45\jre\bin\msvcr100.dll
0x000000006fde0000 - 0x0000000070663000 	C:\Program Files\Java\jdk1.8.0_45\jre\bin\server\jvm.dll
0x000007fef6e40000 - 0x000007fef6e49000 	C:\Windows\system32\WSOCK32.dll
0x000007feff100000 - 0x000007feff14d000 	C:\Windows\system32\WS2_32.dll
0x000007fefed10000 - 0x000007fefed18000 	C:\Windows\system32\NSI.dll
0x000007fefb130000 - 0x000007fefb16b000 	C:\Windows\system32\WINMM.dll
0x000007fefc320000 - 0x000007fefc32c000 	C:\Windows\system32\VERSION.dll
0x00000000775c0000 - 0x00000000775c7000 	C:\Windows\system32\PSAPI.DLL
0x0000000000150000 - 0x000000000015f000 	C:\Program Files\Java\jdk1.8.0_45\jre\bin\verify.dll
0x000000006cd20000 - 0x000000006cd49000 	C:\Program Files\Java\jdk1.8.0_45\jre\bin\java.dll
0x0000000070d30000 - 0x0000000070d46000 	C:\Program Files\Java\jdk1.8.0_45\jre\bin\zip.dll
0x000007fefde20000 - 0x000007fefebaa000 	C:\Windows\system32\SHELL32.dll
0x000007fefd7f0000 - 0x000007fefd9f3000 	C:\Windows\system32\ole32.dll
0x000007fefd240000 - 0x000007fefd24f000 	C:\Windows\system32\profapi.dll
0x000007fef77d0000 - 0x000007fef78f5000 	C:\Windows\system32\dbghelp.dll

VM Arguments:
jvm_args: -Djava.awt.headless=true -Xmx1024M -Dfile.encoding=windows-1252 -Duser.country=IN -Duser.language=en -Duser.variant 
java_command: com.android.dx.command.Main --dex --num-threads=4 --output E:\Android\Sunshine\MadeMyself\MovieInfoPro\app\build\intermediates\pre-dexed\debug\com.android.support-recyclerview-v7-23.3.0_d7e00c542c93b61ff26037949912d53630388ecb.jar E:\Android\Sunshine\MadeMyself\MovieInfoPro\app\build\intermediates\exploded-aar\com.android.support\recyclerview-v7\23.3.0\jars\classes.jar
java_class_path (initial): C:\Users\ravidwivedi\AppData\Local\Android\sdk\build-tools\23.0.2\lib\dx.jar
Launcher Type: SUN_STANDARD

Environment Variables:
JAVA_HOME=C:\Program Files\Java\jdk1.8.0_45
PATH=C:\ProgramData\Oracle\Java\javapath;C:\Program Files (x86)\Intel\iCLS Client\;C:\Program Files\Intel\iCLS Client\;C:\Windows\system32;C:\Windows;C:\Windows\System32\Wbem;C:\Windows\System32\WindowsPowerShell\v1.0\;C:\Program Files\Intel\WiFi\bin\;C:\Program Files\Common Files\Intel\WirelessCommon\;C:\Program Files\Intel\Intel(R) Management Engine Components\DAL;C:\Program Files (x86)\Intel\Intel(R) Management Engine Components\DAL;C:\Program Files\Intel\Intel(R) Management Engine Components\IPT;C:\Program Files (x86)\Intel\Intel(R) Management Engine Components\IPT;C:\Program Files (x86)\Intel\OpenCL SDK\3.0\bin\x86;C:\Program Files (x86)\Intel\OpenCL SDK\3.0\bin\x64;C:\Program Files\TortoiseSVN\bin;C:\Program Files\Microsoft SQL Server\120\DTS\Binn\;C:\Program Files\Microsoft SQL Server\Client SDK\ODBC\110\Tools\Binn\;C:\Program Files (x86)\Microsoft SQL Server\120\Tools\Binn\;C:\Program Files\Microsoft SQL Server\120\Tools\Binn\;C:\Program Files (x86)\Microsoft SQL Server\120\Tools\Binn\ManagementStudio\;C:\Program Files (x86)\Microsoft SQL Server\120\DTS\Binn\;C:\Program Files (x86)\Windows Kits\8.1\Windows Performance Toolkit\;C:\Program Files\Microsoft SQL Server\110\Tools\Binn\;C:\Program Files (x86)\Microsoft SDKs\TypeScript\1.0\;C:\Program Files\MongoDB\Server\3.0\bin\;C:\Program Files\Java\jdk1.8.0_45\bin\;C:\Program Files (x86)\Skype\Phone\;C:\Program Files (x86)\Microsoft SQL Server\100\Tools\Binn\;C:\Program Files\Microsoft SQL Server\100\Tools\Binn\;C:\Program Files\Microsoft SQL Server\100\DTS\Binn\;C:\Program Files (x86)\Microsoft SQL Server\100\Tools\Binn\VSShell\Common7\IDE\;C:\Program Files (x86)\Microsoft Visual Studio 9.0\Common7\IDE\PrivateAssemblies\;C:\Program Files (x86)\Microsoft SQL Server\100\DTS\Binn\;C:\Program Files (x86)\GitExtensions\;C:\Program Files\TortoiseGit\bin
USERNAME=ravidwivedi
OS=Windows_NT
PROCESSOR_IDENTIFIER=Intel64 Family 6 Model 60 Stepping 3, GenuineIntel



---------------  S Y S T E M  ---------------

OS: Windows 7 , 64 bit Build 7601 (6.1.7601.23391)

CPU:total 4 (2 cores per cpu, 2 threads per core) family 6 model 60 stepping 3, cmov, cx8, fxsr, mmx, sse, sse2, sse3, ssse3, sse4.1, sse4.2, popcnt, avx, avx2, aes, clmul, erms, lzcnt, ht, tsc, tscinvbit, bmi1, bmi2

Memory: 4k page, physical 16680336k(3636048k free), swap 16883280k(5120k free)

vm_info: Java HotSpot(TM) 64-Bit Server VM (25.45-b02) for windows-amd64 JRE (1.8.0_45-b15), built on Apr 30 2015 12:40:44 by "java_re" with MS VC++ 10.0 (VS2010)

time: Thu Apr 28 18:30:20 2016
elapsed time: 2 seconds (0d 0h 0m 2s)

