#
# There is insufficient memory for the Java Runtime Environment to continue.
# Native memory allocation (malloc) failed to allocate 321616 bytes for Chunk::new
# Possible reasons:
#   The system is out of physical RAM or swap space
#   In 32 bit mode, the process size limit was hit
# Possible solutions:
#   Reduce memory load on the system
#   Increase physical memory or swap space
#   Check if swap backing store is full
#   Use 64 bit Java on a 64 bit OS
#   Decrease Java heap size (-Xmx/-Xms)
#   Decrease number of Java threads
#   Decrease Java thread stack sizes (-Xss)
#   Set larger code cache with -XX:ReservedCodeCacheSize=
# This output file may be truncated or incomplete.
#
#  Out of Memory Error (allocation.cpp:390), pid=14552, tid=15680
#
# JRE version: Java(TM) SE Runtime Environment (8.0_45-b15) (build 1.8.0_45-b15)
# Java VM: Java HotSpot(TM) 64-Bit Server VM (25.45-b02 mixed mode windows-amd64 compressed oops)
# Failed to write core dump. Minidumps are not enabled by default on client versions of Windows
#

---------------  T H R E A D  ---------------

Current thread (0x0000000056782000):  JavaThread "C2 CompilerThread1" daemon [_thread_in_native, id=15680, stack(0x0000000056f00000,0x0000000057000000)]

Stack: [0x0000000056f00000,0x0000000057000000]
Native frames: (J=compiled Java code, j=interpreted, Vv=VM code, C=native code)
V  [jvm.dll+0x32b57a]


Current CompileTask:
C2:   1788 1228       4       com.android.dx.ssa.SsaRenamer$BlockRenamer::process (191 bytes)


---------------  P R O C E S S  ---------------

Java Threads: ( => current thread )
  0x0000000056919000 JavaThread "pool-1-thread-1" [_thread_blocked, id=9872, stack(0x0000000057810000,0x0000000057910000)]
  0x00000000567c9800 JavaThread "Service Thread" daemon [_thread_blocked, id=16232, stack(0x0000000057480000,0x0000000057580000)]
  0x000000005678b000 JavaThread "C1 CompilerThread2" daemon [_thread_blocked, id=15752, stack(0x0000000057290000,0x0000000057390000)]
=>0x0000000056782000 JavaThread "C2 CompilerThread1" daemon [_thread_in_native, id=15680, stack(0x0000000056f00000,0x0000000057000000)]
  0x0000000056762800 JavaThread "C2 CompilerThread0" daemon [_thread_blocked, id=11696, stack(0x0000000057080000,0x0000000057180000)]
  0x0000000055338000 JavaThread "Attach Listener" daemon [_thread_blocked, id=15492, stack(0x0000000056de0000,0x0000000056ee0000)]
  0x0000000055336800 JavaThread "Signal Dispatcher" daemon [_thread_blocked, id=16036, stack(0x0000000056c40000,0x0000000056d40000)]
  0x00000000552dc000 JavaThread "Finalizer" daemon [_thread_blocked, id=16224, stack(0x0000000056660000,0x0000000056760000)]
  0x00000000552d5800 JavaThread "Reference Handler" daemon [_thread_blocked, id=15896, stack(0x0000000056440000,0x0000000056540000)]
  0x000000000240f000 JavaThread "main" [_thread_blocked, id=16156, stack(0x0000000002610000,0x0000000002710000)]

Other Threads:
  0x00000000552d0000 VMThread [stack: 0x0000000056300000,0x0000000056400000] [id=15756]
  0x00000000567cf800 WatcherThread [stack: 0x0000000057590000,0x0000000057690000] [id=16332]

VM state:not at safepoint (normal execution)

VM Mutex/Monitor currently owned by a thread: None

Heap:
 PSYoungGen      total 76288K, used 64236K [0x00000000eab00000, 0x00000000f0000000, 0x0000000100000000)
  eden space 65536K, 98% used [0x00000000eab00000,0x00000000ee9bb0e8,0x00000000eeb00000)
  from space 10752K, 0% used [0x00000000ef580000,0x00000000ef580000,0x00000000f0000000)
  to   space 10752K, 0% used [0x00000000eeb00000,0x00000000eeb00000,0x00000000ef580000)
 ParOldGen       total 175104K, used 0K [0x00000000c0000000, 0x00000000cab00000, 0x00000000eab00000)
  object space 175104K, 0% used [0x00000000c0000000,0x00000000c0000000,0x00000000cab00000)
 Metaspace       used 5965K, capacity 6960K, committed 7040K, reserved 1056768K
  class space    used 594K, capacity 616K, committed 640K, reserved 1048576K

Card table byte_map: [0x0000000011da0000,0x0000000011fb0000] byte_map_base: 0x00000000117a0000

Marking Bits: (ParMarkBitMap*) 0x00000000705e4040
 Begin Bits: [0x0000000012740000, 0x0000000013740000)
 End Bits:   [0x0000000013740000, 0x0000000014740000)

Polling page: 0x0000000000360000

CodeCache: size=245760Kb used=5081Kb max_used=5093Kb free=240678Kb
 bounds [0x00000000029e0000, 0x0000000002ee0000, 0x00000000119e0000]
 total_blobs=1591 nmethods=1322 adapters=182
 compilation: enabled

Compilation events (10 events):
Event: 1.783 Thread 0x000000005678b000 nmethod 1337 0x0000000002ec9e50 code [0x0000000002ec9fc0, 0x0000000002eca388]
Event: 1.783 Thread 0x000000005678b000 1338       3       java.util.TreeMap$EntryIterator::next (5 bytes)
Event: 1.783 Thread 0x0000000056762800 nmethod 1330 0x0000000002ec8390 code [0x0000000002ec8500, 0x0000000002ec8758]
Event: 1.783 Thread 0x0000000056762800 1332       4       com.android.dx.rop.cst.CstMemberRef::compareTo0 (49 bytes)
Event: 1.783 Thread 0x000000005678b000 nmethod 1338 0x0000000002ec9950 code [0x0000000002ec9ac0, 0x0000000002ec9da8]
Event: 1.783 Thread 0x000000005678b000 1339       3       java.util.TreeMap$EntryIterator::next (5 bytes)
Event: 1.783 Thread 0x000000005678b000 nmethod 1339 0x0000000002ec7f50 code [0x0000000002ec80c0, 0x0000000002ec82c8]
Event: 1.783 Thread 0x000000005678b000 1340       3       java.util.TreeMap$Entry::hashCode (42 bytes)
Event: 1.783 Thread 0x000000005678b000 nmethod 1340 0x0000000002ec9310 code [0x0000000002ec94a0, 0x0000000002ec9838]
Event: 1.785 Thread 0x0000000056762800 nmethod 1332 0x0000000002ec8950 code [0x0000000002ec8aa0, 0x0000000002ec8e58]

GC Heap History (0 events):
No events

Deoptimization events (9 events):
Event: 0.586 Thread 0x0000000056923800 Uncommon trap: reason=unstable_if action=reinterpret pc=0x0000000002c40f58 method=com.android.dx.rop.code.RegisterSpecSet.put(Lcom/android/dx/rop/code/RegisterSpec;)V @ 77
Event: 0.676 Thread 0x0000000056920800 Uncommon trap: reason=class_check action=maybe_recompile pc=0x0000000002cab420 method=com.android.dx.ssa.NormalSsaInsn.accept(Lcom/android/dx/ssa/SsaInsn$Visitor;)V @ 9
Event: 0.676 Thread 0x0000000056920800 Uncommon trap: reason=class_check action=maybe_recompile pc=0x0000000002cab420 method=com.android.dx.ssa.NormalSsaInsn.accept(Lcom/android/dx/ssa/SsaInsn$Visitor;)V @ 9
Event: 0.676 Thread 0x0000000056920800 Uncommon trap: reason=class_check action=maybe_recompile pc=0x0000000002c98f10 method=com.android.dx.ssa.NormalSsaInsn.accept(Lcom/android/dx/ssa/SsaInsn$Visitor;)V @ 9
Event: 0.676 Thread 0x0000000056920800 Uncommon trap: reason=class_check action=maybe_recompile pc=0x0000000002cab420 method=com.android.dx.ssa.NormalSsaInsn.accept(Lcom/android/dx/ssa/SsaInsn$Visitor;)V @ 9
Event: 0.676 Thread 0x0000000056920800 Uncommon trap: reason=class_check action=maybe_recompile pc=0x0000000002c98f10 method=com.android.dx.ssa.NormalSsaInsn.accept(Lcom/android/dx/ssa/SsaInsn$Visitor;)V @ 9
Event: 0.679 Thread 0x0000000056920800 Uncommon trap: reason=bimorphic action=maybe_recompile pc=0x0000000002c9ffc0 method=java.util.HashMap.getNode(ILjava/lang/Object;)Ljava/util/HashMap$Node; @ 126
Event: 0.948 Thread 0x0000000056923800 Uncommon trap: reason=null_check action=make_not_entrant pc=0x0000000002cc66ac method=com.android.dx.ssa.SsaRenamer.getLocalForNewReg(I)Lcom/android/dx/rop/code/LocalItem; @ 19
Event: 1.533 Thread 0x0000000056920800 Uncommon trap: reason=null_check action=make_not_entrant pc=0x0000000002cb56cc method=com.android.dx.ssa.SsaRenamer.getLocalForNewReg(I)Lcom/android/dx/rop/code/LocalItem; @ 19

Internal exceptions (4 events):
Event: 0.027 Thread 0x000000000240f000 Exception <a 'java/lang/NoSuchMethodError': Method sun.misc.Unsafe.defineClass(Ljava/lang/String;[BII)Ljava/lang/Class; name or signature does not match> (0x00000000eab0de30) thrown at [C:\re\workspace\8-2-build-windows-amd64-cygwin\jdk8u45\3627\hotspot\srÿˆž~«Û›?
Event: 0.027 Thread 0x000000000240f000 Exception <a 'java/lang/NoSuchMethodError': Method sun.misc.Unsafe.prefetchRead(Ljava/lang/Object;J)V name or signature does not match> (0x00000000eab0e0c0) thrown at [C:\re\workspace\8-2-build-windows-amd64-cygwin\jdk8u45\3627\hotspot\src\share\vm\prims\j¼ÏA¥éYî?
Event: 0.948 Thread 0x0000000056923800 Implicit null exception at 0x0000000002cc3e71 to 0x0000000002cc6671
Event: 1.533 Thread 0x0000000056920800 Implicit null exception at 0x0000000002cb2fa3 to 0x0000000002cb56a1

Events (10 events):
Event: 1.687 loading class com/android/dx/command/dexer/Main$DexWriter done
Event: 1.691 Thread 0x0000000056919000 Thread added: 0x0000000056919000
Event: 1.760 loading class java/util/TreeMap$KeySet
Event: 1.760 loading class java/util/NavigableSet
Event: 1.760 loading class java/util/SortedSet
Event: 1.760 loading class java/util/SortedSet done
Event: 1.761 loading class java/util/NavigableSet done
Event: 1.781 loading class java/util/TreeMap$KeySet done
Event: 1.781 loading class java/util/TreeMap$KeyIterator
Event: 1.781 loading class java/util/TreeMap$KeyIterator done


Dynamic libraries:
0x000000013f0d0000 - 0x000000013f107000 	C:\Program Files\Java\jdk1.8.0_45\bin\java.exe
0x0000000077400000 - 0x00000000775aa000 	C:\Windows\SYSTEM32\ntdll.dll
0x00000000771e0000 - 0x00000000772ff000 	C:\Windows\system32\kernel32.dll
0x000007fefd370000 - 0x000007fefd3da000 	C:\Windows\system32\KERNELBASE.dll
0x0000000074f40000 - 0x0000000074fc9000 	C:\Windows\System32\SYSFER.DLL
0x000007feff610000 - 0x000007feff6eb000 	C:\Windows\system32\ADVAPI32.dll
0x000007fefdb00000 - 0x000007fefdb9f000 	C:\Windows\system32\msvcrt.dll
0x000007feff6f0000 - 0x000007feff70f000 	C:\Windows\SYSTEM32\sechost.dll
0x000007fefebe0000 - 0x000007fefed0d000 	C:\Windows\system32\RPCRT4.dll
0x0000000077300000 - 0x00000000773fa000 	C:\Windows\system32\USER32.dll
0x000007fefee00000 - 0x000007fefee67000 	C:\Windows\system32\GDI32.dll
0x000007fefd6d0000 - 0x000007fefd6de000 	C:\Windows\system32\LPK.dll
0x000007fefd600000 - 0x000007fefd6ca000 	C:\Windows\system32\USP10.dll
0x000007fefbc30000 - 0x000007fefbe24000 	C:\Windows\WinSxS\amd64_microsoft.windows.common-controls_6595b64144ccf1df_6.0.7601.18837_none_fa3b1e3d17594757\COMCTL32.dll
0x000007feff4f0000 - 0x000007feff561000 	C:\Windows\system32\SHLWAPI.dll
0x000007fefebb0000 - 0x000007fefebde000 	C:\Windows\system32\IMM32.DLL
0x000007fefd6e0000 - 0x000007fefd7e9000 	C:\Windows\system32\MSCTF.dll
0x0000000078c20000 - 0x0000000078cf2000 	C:\Program Files\Java\jdk1.8.0_45\jre\bin\msvcr100.dll
0x000000006fde0000 - 0x0000000070663000 	C:\Program Files\Java\jdk1.8.0_45\jre\bin\server\jvm.dll
0x000007fef6e40000 - 0x000007fef6e49000 	C:\Windows\system32\WSOCK32.dll
0x000007feff100000 - 0x000007feff14d000 	C:\Windows\system32\WS2_32.dll
0x000007fefed10000 - 0x000007fefed18000 	C:\Windows\system32\NSI.dll
0x000007fefb130000 - 0x000007fefb16b000 	C:\Windows\system32\WINMM.dll
0x000007fefc320000 - 0x000007fefc32c000 	C:\Windows\system32\VERSION.dll
0x00000000775c0000 - 0x00000000775c7000 	C:\Windows\system32\PSAPI.DLL
0x0000000000350000 - 0x000000000035f000 	C:\Program Files\Java\jdk1.8.0_45\jre\bin\verify.dll
0x000000006cd20000 - 0x000000006cd49000 	C:\Program Files\Java\jdk1.8.0_45\jre\bin\java.dll
0x0000000070d30000 - 0x0000000070d46000 	C:\Program Files\Java\jdk1.8.0_45\jre\bin\zip.dll
0x000007fefde20000 - 0x000007fefebaa000 	C:\Windows\system32\SHELL32.dll
0x000007fefd7f0000 - 0x000007fefd9f3000 	C:\Windows\system32\ole32.dll
0x000007fefd240000 - 0x000007fefd24f000 	C:\Windows\system32\profapi.dll

VM Arguments:
jvm_args: -Djava.awt.headless=true -Xmx1024M -Dfile.encoding=windows-1252 -Duser.country=IN -Duser.language=en -Duser.variant 
java_command: com.android.dx.command.Main --dex --force-jumbo --num-threads=4 --multi-dex --output E:\Android\Sunshine\MadeMyself\MovieInfoPro\app\build\intermediates\transforms\dex\debug\folders\1000\10\instant-run_287763749c6ec1fc01866305da5cfd456ed5485c E:\Android\Sunshine\MadeMyself\MovieInfoPro\app\build\intermediates\incremental-runtime-classes\debug\instant-run.jar
java_class_path (initial): C:\Users\ravidwivedi\AppData\Local\Android\sdk\build-tools\23.0.2\lib\dx.jar
Launcher Type: SUN_STANDARD

Environment Variables:
JAVA_HOME=C:\Program Files\Java\jdk1.8.0_45
PATH=C:\ProgramData\Oracle\Java\javapath;C:\Program Files (x86)\Intel\iCLS Client\;C:\Program Files\Intel\iCLS Client\;C:\Windows\system32;C:\Windows;C:\Windows\System32\Wbem;C:\Windows\System32\WindowsPowerShell\v1.0\;C:\Program Files\Intel\WiFi\bin\;C:\Program Files\Common Files\Intel\WirelessCommon\;C:\Program Files\Intel\Intel(R) Management Engine Components\DAL;C:\Program Files (x86)\Intel\Intel(R) Management Engine Components\DAL;C:\Program Files\Intel\Intel(R) Management Engine Components\IPT;C:\Program Files (x86)\Intel\Intel(R) Management Engine Components\IPT;C:\Program Files (x86)\Intel\OpenCL SDK\3.0\bin\x86;C:\Program Files (x86)\Intel\OpenCL SDK\3.0\bin\x64;C:\Program Files\TortoiseSVN\bin;C:\Program Files\Microsoft SQL Server\120\DTS\Binn\;C:\Program Files\Microsoft SQL Server\Client SDK\ODBC\110\Tools\Binn\;C:\Program Files (x86)\Microsoft SQL Server\120\Tools\Binn\;C:\Program Files\Microsoft SQL Server\120\Tools\Binn\;C:\Program Files (x86)\Microsoft SQL Server\120\Tools\Binn\ManagementStudio\;C:\Program Files (x86)\Microsoft SQL Server\120\DTS\Binn\;C:\Program Files (x86)\Windows Kits\8.1\Windows Performance Toolkit\;C:\Program Files\Microsoft SQL Server\110\Tools\Binn\;C:\Program Files (x86)\Microsoft SDKs\TypeScript\1.0\;C:\Program Files\MongoDB\Server\3.0\bin\;C:\Program Files\Java\jdk1.8.0_45\bin\;C:\Program Files (x86)\Skype\Phone\;C:\Program Files (x86)\Microsoft SQL Server\100\Tools\Binn\;C:\Program Files\Microsoft SQL Server\100\Tools\Binn\;C:\Program Files\Microsoft SQL Server\100\DTS\Binn\;C:\Program Files (x86)\Microsoft SQL Server\100\Tools\Binn\VSShell\Common7\IDE\;C:\Program Files (x86)\Microsoft Visual Studio 9.0\Common7\IDE\PrivateAssemblies\;C:\Program Files (x86)\Microsoft SQL Server\100\DTS\Binn\;C:\Program Files (x86)\GitExtensions\;C:\Program Files\TortoiseGit\bin
USERNAME=ravidwivedi
OS=Windows_NT
PROCESSOR_IDENTIFIER=Intel64 Family 6 Model 60 Stepping 3, GenuineIntel



---------------  S Y S T E M  ---------------

OS: Windows 7 , 64 bit Build 7601 (6.1.7601.23391)

CPU:total 4 (2 cores per cpu, 2 threads per core) family 6 model 60 stepping 3, cmov, cx8, fxsr, mmx, sse, sse2, sse3, ssse3, sse4.1, sse4.2, popcnt, avx, avx2, aes, clmul, erms, lzcnt, ht, tsc, tscinvbit, bmi1, bmi2

Memory: 4k page, physical 16680336k(3548888k free), swap 16883280k(5176k free)

vm_info: Java HotSpot(TM) 64-Bit Server VM (25.45-b02) for windows-amd64 JRE (1.8.0_45-b15), built on Apr 30 2015 12:40:44 by "java_re" with MS VC++ 10.0 (VS2010)

time: Thu Apr 28 18:29:50 2016
elapsed time: 1 seconds (0d 0h 0m 1s)

