#
# There is insufficient memory for the Java Runtime Environment to continue.
# Native memory allocation (malloc) failed to allocate 255216 bytes for Chunk::new
# Possible reasons:
#   The system is out of physical RAM or swap space
#   In 32 bit mode, the process size limit was hit
# Possible solutions:
#   Reduce memory load on the system
#   Increase physical memory or swap space
#   Check if swap backing store is full
#   Use 64 bit Java on a 64 bit OS
#   Decrease Java heap size (-Xmx/-Xms)
#   Decrease number of Java threads
#   Decrease Java thread stack sizes (-Xss)
#   Set larger code cache with -XX:ReservedCodeCacheSize=
# This output file may be truncated or incomplete.
#
#  Out of Memory Error (allocation.cpp:390), pid=14660, tid=11480
#
# JRE version: Java(TM) SE Runtime Environment (8.0_45-b15) (build 1.8.0_45-b15)
# Java VM: Java HotSpot(TM) 64-Bit Server VM (25.45-b02 mixed mode windows-amd64 compressed oops)
# Failed to write core dump. Minidumps are not enabled by default on client versions of Windows
#

---------------  T H R E A D  ---------------

Current thread (0x0000000055168000):  JavaThread "C2 CompilerThread0" daemon [_thread_in_native, id=11480, stack(0x0000000056260000,0x0000000056360000)]

Stack: [0x0000000056260000,0x0000000056360000]
Native frames: (J=compiled Java code, j=interpreted, Vv=VM code, C=native code)
V  [jvm.dll+0x32b57a]
V  [jvm.dll+0x279873]
V  [jvm.dll+0x27a509]
V  [jvm.dll+0x271825]
V  [jvm.dll+0xcb9e2]
V  [jvm.dll+0xcbeac]
V  [jvm.dll+0x49298c]
V  [jvm.dll+0x45f6ff]
V  [jvm.dll+0x46a73b]
V  [jvm.dll+0x46cd52]
V  [jvm.dll+0x4500f2]
V  [jvm.dll+0xa4352]
V  [jvm.dll+0xa4c8f]
V  [jvm.dll+0x241984]
V  [jvm.dll+0x29853a]
C  [msvcr100.dll+0x21d9f]
C  [msvcr100.dll+0x21e3b]
C  [kernel32.dll+0x159bd]
C  [ntdll.dll+0x2a2e1]


Current CompileTask:
C2:   1922  933       4       com.android.dx.ssa.back.LivenessAnalyzer::handleTailRecursion (94 bytes)


---------------  P R O C E S S  ---------------

Java Threads: ( => current thread )
  0x0000000056ebd800 JavaThread "pool-3-thread-1" [_thread_blocked, id=8220, stack(0x00000000576d0000,0x00000000577d0000)]
  0x0000000056d50800 JavaThread "Service Thread" daemon [_thread_blocked, id=15156, stack(0x0000000057240000,0x0000000057340000)]
  0x000000005516d800 JavaThread "C1 CompilerThread2" daemon [_thread_blocked, id=13640, stack(0x0000000056c50000,0x0000000056d50000)]
  0x000000005516c800 JavaThread "C2 CompilerThread1" daemon [_thread_blocked, id=12700, stack(0x0000000056a80000,0x0000000056b80000)]
=>0x0000000055168000 JavaThread "C2 CompilerThread0" daemon [_thread_in_native, id=11480, stack(0x0000000056260000,0x0000000056360000)]
  0x0000000055164800 JavaThread "Attach Listener" daemon [_thread_blocked, id=15996, stack(0x0000000056920000,0x0000000056a20000)]
  0x0000000055163800 JavaThread "Signal Dispatcher" daemon [_thread_blocked, id=15420, stack(0x00000000567a0000,0x00000000568a0000)]
  0x0000000055103000 JavaThread "Finalizer" daemon [_thread_blocked, id=15384, stack(0x0000000056620000,0x0000000056720000)]
  0x0000000055101800 JavaThread "Reference Handler" daemon [_thread_blocked, id=14912, stack(0x0000000056370000,0x0000000056470000)]
  0x00000000023fe800 JavaThread "main" [_thread_blocked, id=15740, stack(0x0000000002550000,0x0000000002650000)]

Other Threads:
  0x00000000550fc000 VMThread [stack: 0x0000000056160000,0x0000000056260000] [id=16300]
  0x0000000056d52800 WatcherThread [stack: 0x0000000057420000,0x0000000057520000] [id=13940]

VM state:not at safepoint (normal execution)

VM Mutex/Monitor currently owned by a thread: None

Heap:
 PSYoungGen      total 76288K, used 30158K [0x00000000eab00000, 0x00000000f0000000, 0x0000000100000000)
  eden space 65536K, 46% used [0x00000000eab00000,0x00000000ec873bf8,0x00000000eeb00000)
  from space 10752K, 0% used [0x00000000ef580000,0x00000000ef580000,0x00000000f0000000)
  to   space 10752K, 0% used [0x00000000eeb00000,0x00000000eeb00000,0x00000000ef580000)
 ParOldGen       total 175104K, used 0K [0x00000000c0000000, 0x00000000cab00000, 0x00000000eab00000)
  object space 175104K, 0% used [0x00000000c0000000,0x00000000c0000000,0x00000000cab00000)
 Metaspace       used 5729K, capacity 6832K, committed 7040K, reserved 1056768K
  class space    used 581K, capacity 616K, committed 640K, reserved 1048576K

Card table byte_map: [0x0000000011ce0000,0x0000000011ef0000] byte_map_base: 0x00000000116e0000

Marking Bits: (ParMarkBitMap*) 0x00000000705e4040
 Begin Bits: [0x0000000012570000, 0x0000000013570000)
 End Bits:   [0x0000000013570000, 0x0000000014570000)

Polling page: 0x0000000000270000

CodeCache: size=245760Kb used=4225Kb max_used=4237Kb free=241534Kb
 bounds [0x0000000002920000, 0x0000000002d50000, 0x0000000011920000]
 total_blobs=1328 nmethods=1060 adapters=181
 compilation: enabled

Compilation events (10 events):
Event: 1.810 Thread 0x000000005516d800 nmethod 960 0x0000000002ce97d0 code [0x0000000002ce9920, 0x0000000002ce9a30]
Event: 1.810 Thread 0x000000005516d800  987       3       com.android.dx.rop.code.RopMethod::calcPredecessors (227 bytes)
Event: 1.811 Thread 0x000000005516d800 nmethod 987 0x0000000002ce9a90 code [0x0000000002ce9da0, 0x0000000002ceb948]
Event: 1.812 Thread 0x000000005516c800 nmethod 968 0x0000000002ceffd0 code [0x0000000002cf0160, 0x0000000002cf0bd8]
Event: 1.812 Thread 0x000000005516c800  981       4       com.android.dx.util.LabeledList::addLabelIndex (43 bytes)
Event: 1.812 Thread 0x000000005516d800  988       3       com.android.dx.rop.type.Prototype::compareTo (120 bytes)
Event: 1.813 Thread 0x000000005516d800 nmethod 988 0x0000000002cee850 code [0x0000000002ceea60, 0x0000000002cef8b8]
Event: 1.813 Thread 0x000000005516d800  989  s    3       com.android.dx.dex.file.MethodIdsSection::intern (55 bytes)
Event: 1.814 Thread 0x000000005516d800 nmethod 989 0x0000000002ced210 code [0x0000000002ced440, 0x0000000002cee148]
Event: 1.819 Thread 0x000000005516d800  995       3       java.util.HashMap::resize (359 bytes)

GC Heap History (0 events):
No events

Deoptimization events (10 events):
Event: 1.337 Thread 0x0000000056ebb800 Uncommon trap: reason=class_check action=maybe_recompile pc=0x0000000002af2404 method=com.android.dx.rop.cst.Constant.compareTo(Ljava/lang/Object;)I @ 2
Event: 1.338 Thread 0x0000000056ebb800 Uncommon trap: reason=unstable_if action=reinterpret pc=0x0000000002af09ac method=com.android.dx.rop.cst.CstMemberRef.compareTo0(Lcom/android/dx/rop/cst/Constant;)I @ 18
Event: 1.460 Thread 0x0000000056ebb800 Uncommon trap: reason=speculate_class_check action=maybe_recompile pc=0x0000000002afef18 method=com.android.dx.rop.cst.Constant.compareTo(Lcom/android/dx/rop/cst/Constant;)I @ 29
Event: 1.473 Thread 0x0000000056ebb800 Uncommon trap: reason=unstable_if action=reinterpret pc=0x0000000002b31ce8 method=java.util.HashMap.getNode(ILjava/lang/Object;)Ljava/util/HashMap$Node; @ 62
Event: 1.481 Thread 0x0000000056ebb800 Uncommon trap: reason=speculate_class_check action=maybe_recompile pc=0x0000000002afef18 method=com.android.dx.rop.cst.Constant.compareTo(Lcom/android/dx/rop/cst/Constant;)I @ 29
Event: 1.481 Thread 0x0000000056ebb800 Uncommon trap: reason=speculate_class_check action=maybe_recompile pc=0x0000000002afef18 method=com.android.dx.rop.cst.Constant.compareTo(Lcom/android/dx/rop/cst/Constant;)I @ 29
Event: 1.491 Thread 0x0000000056ebb800 Uncommon trap: reason=speculate_class_check action=maybe_recompile pc=0x0000000002afef18 method=com.android.dx.rop.cst.Constant.compareTo(Lcom/android/dx/rop/cst/Constant;)I @ 29
Event: 1.764 Thread 0x00000000023fe800 Uncommon trap: reason=unstable_if action=reinterpret pc=0x0000000002c718c8 method=java.util.HashMap.getNode(ILjava/lang/Object;)Ljava/util/HashMap$Node; @ 129
Event: 1.764 Thread 0x00000000023fe800 Uncommon trap: reason=unstable_if action=reinterpret pc=0x0000000002b34ab0 method=java.util.HashMap.getNode(ILjava/lang/Object;)Ljava/util/HashMap$Node; @ 129
Event: 1.765 Thread 0x00000000023fe800 Uncommon trap: reason=unstable_if action=reinterpret pc=0x0000000002b89298 method=java.util.HashMap.getNode(ILjava/lang/Object;)Ljava/util/HashMap$Node; @ 129

Internal exceptions (2 events):
Event: 0.662 Thread 0x00000000023fe800 Exception <a 'java/lang/NoSuchMethodError': Method sun.misc.Unsafe.defineClass(Ljava/lang/String;[BII)Ljava/lang/Class; name or signature does not match> (0x00000000eab0df60) thrown at [C:\re\workspace\8-2-build-windows-amd64-cygwin\jdk8u45\3627\hotspot\srhFÃ&.å?
Event: 0.662 Thread 0x00000000023fe800 Exception <a 'java/lang/NoSuchMethodError': Method sun.misc.Unsafe.prefetchRead(Ljava/lang/Object;J)V name or signature does not match> (0x00000000eab0e1f0) thrown at [C:\re\workspace\8-2-build-windows-amd64-cygwin\jdk8u45\3627\hotspot\src\share\vm\prims\j

Events (10 events):
Event: 1.764 Thread 0x00000000023fe800 DEOPT PACKING pc=0x0000000002c718c8 sp=0x000000000264de60
Event: 1.764 Thread 0x00000000023fe800 DEOPT UNPACKING pc=0x000000000296582a sp=0x000000000264dd30 mode 2
Event: 1.764 Thread 0x00000000023fe800 Uncommon trap: trap_request=0xffffff65 fr.pc=0x0000000002b34ab0
Event: 1.764 Thread 0x00000000023fe800 DEOPT PACKING pc=0x0000000002b34ab0 sp=0x000000000264dce0
Event: 1.764 Thread 0x00000000023fe800 DEOPT UNPACKING pc=0x000000000296582a sp=0x000000000264dc00 mode 2
Event: 1.765 Thread 0x00000000023fe800 Uncommon trap: trap_request=0xffffff65 fr.pc=0x0000000002b89298
Event: 1.765 Thread 0x00000000023fe800 DEOPT PACKING pc=0x0000000002b89298 sp=0x000000000264dd80
Event: 1.765 Thread 0x00000000023fe800 DEOPT UNPACKING pc=0x000000000296582a sp=0x000000000264dd20 mode 2
Event: 1.774 loading class java/util/ArrayList$1
Event: 1.774 loading class java/util/ArrayList$1 done


Dynamic libraries:
0x000000013f0d0000 - 0x000000013f107000 	C:\Program Files\Java\jdk1.8.0_45\bin\java.exe
0x0000000077400000 - 0x00000000775aa000 	C:\Windows\SYSTEM32\ntdll.dll
0x00000000771e0000 - 0x00000000772ff000 	C:\Windows\system32\kernel32.dll
0x000007fefd370000 - 0x000007fefd3da000 	C:\Windows\system32\KERNELBASE.dll
0x0000000074f40000 - 0x0000000074fc9000 	C:\Windows\System32\SYSFER.DLL
0x000007feff610000 - 0x000007feff6eb000 	C:\Windows\system32\ADVAPI32.dll
0x000007fefdb00000 - 0x000007fefdb9f000 	C:\Windows\system32\msvcrt.dll
0x000007feff6f0000 - 0x000007feff70f000 	C:\Windows\SYSTEM32\sechost.dll
0x000007fefebe0000 - 0x000007fefed0d000 	C:\Windows\system32\RPCRT4.dll
0x0000000077300000 - 0x00000000773fa000 	C:\Windows\system32\USER32.dll
0x000007fefee00000 - 0x000007fefee67000 	C:\Windows\system32\GDI32.dll
0x000007fefd6d0000 - 0x000007fefd6de000 	C:\Windows\system32\LPK.dll
0x000007fefd600000 - 0x000007fefd6ca000 	C:\Windows\system32\USP10.dll
0x000007fefbc30000 - 0x000007fefbe24000 	C:\Windows\WinSxS\amd64_microsoft.windows.common-controls_6595b64144ccf1df_6.0.7601.18837_none_fa3b1e3d17594757\COMCTL32.dll
0x000007feff4f0000 - 0x000007feff561000 	C:\Windows\system32\SHLWAPI.dll
0x000007fefebb0000 - 0x000007fefebde000 	C:\Windows\system32\IMM32.DLL
0x000007fefd6e0000 - 0x000007fefd7e9000 	C:\Windows\system32\MSCTF.dll
0x0000000078c20000 - 0x0000000078cf2000 	C:\Program Files\Java\jdk1.8.0_45\jre\bin\msvcr100.dll
0x000000006fde0000 - 0x0000000070663000 	C:\Program Files\Java\jdk1.8.0_45\jre\bin\server\jvm.dll
0x000007fef6e40000 - 0x000007fef6e49000 	C:\Windows\system32\WSOCK32.dll
0x000007feff100000 - 0x000007feff14d000 	C:\Windows\system32\WS2_32.dll
0x000007fefed10000 - 0x000007fefed18000 	C:\Windows\system32\NSI.dll
0x000007fefb130000 - 0x000007fefb16b000 	C:\Windows\system32\WINMM.dll
0x000007fefc320000 - 0x000007fefc32c000 	C:\Windows\system32\VERSION.dll
0x00000000775c0000 - 0x00000000775c7000 	C:\Windows\system32\PSAPI.DLL
0x0000000000260000 - 0x000000000026f000 	C:\Program Files\Java\jdk1.8.0_45\jre\bin\verify.dll
0x000000006cd20000 - 0x000000006cd49000 	C:\Program Files\Java\jdk1.8.0_45\jre\bin\java.dll
0x0000000070d30000 - 0x0000000070d46000 	C:\Program Files\Java\jdk1.8.0_45\jre\bin\zip.dll
0x000007fefde20000 - 0x000007fefebaa000 	C:\Windows\system32\SHELL32.dll
0x000007fefd7f0000 - 0x000007fefd9f3000 	C:\Windows\system32\ole32.dll
0x000007fefd240000 - 0x000007fefd24f000 	C:\Windows\system32\profapi.dll
0x000007fef77d0000 - 0x000007fef78f5000 	C:\Windows\system32\dbghelp.dll

VM Arguments:
jvm_args: -Djava.awt.headless=true -Xmx1024M -Dfile.encoding=windows-1252 -Duser.country=IN -Duser.language=en -Duser.variant 
java_command: com.android.dx.command.Main --dex --force-jumbo --num-threads=4 --multi-dex --output E:\Android\Sunshine\MadeMyself\MovieInfoPro\app\build\intermediates\transforms\dex\debug\folders\1000\5\slice_0 E:\Android\Sunshine\MadeMyself\MovieInfoPro\app\build\intermediates\transforms\instantRunSlicer\debug\folders\1\5\slice_0
java_class_path (initial): C:\Users\ravidwivedi\AppData\Local\Android\sdk\build-tools\23.0.2\lib\dx.jar
Launcher Type: SUN_STANDARD

Environment Variables:
JAVA_HOME=C:\Program Files\Java\jdk1.8.0_45
PATH=C:\ProgramData\Oracle\Java\javapath;C:\Program Files (x86)\Intel\iCLS Client\;C:\Program Files\Intel\iCLS Client\;C:\Windows\system32;C:\Windows;C:\Windows\System32\Wbem;C:\Windows\System32\WindowsPowerShell\v1.0\;C:\Program Files\Intel\WiFi\bin\;C:\Program Files\Common Files\Intel\WirelessCommon\;C:\Program Files\Intel\Intel(R) Management Engine Components\DAL;C:\Program Files (x86)\Intel\Intel(R) Management Engine Components\DAL;C:\Program Files\Intel\Intel(R) Management Engine Components\IPT;C:\Program Files (x86)\Intel\Intel(R) Management Engine Components\IPT;C:\Program Files (x86)\Intel\OpenCL SDK\3.0\bin\x86;C:\Program Files (x86)\Intel\OpenCL SDK\3.0\bin\x64;C:\Program Files\TortoiseSVN\bin;C:\Program Files\Microsoft SQL Server\120\DTS\Binn\;C:\Program Files\Microsoft SQL Server\Client SDK\ODBC\110\Tools\Binn\;C:\Program Files (x86)\Microsoft SQL Server\120\Tools\Binn\;C:\Program Files\Microsoft SQL Server\120\Tools\Binn\;C:\Program Files (x86)\Microsoft SQL Server\120\Tools\Binn\ManagementStudio\;C:\Program Files (x86)\Microsoft SQL Server\120\DTS\Binn\;C:\Program Files (x86)\Windows Kits\8.1\Windows Performance Toolkit\;C:\Program Files\Microsoft SQL Server\110\Tools\Binn\;C:\Program Files (x86)\Microsoft SDKs\TypeScript\1.0\;C:\Program Files\MongoDB\Server\3.0\bin\;C:\Program Files\Java\jdk1.8.0_45\bin\;C:\Program Files (x86)\Skype\Phone\;C:\Program Files (x86)\Microsoft SQL Server\100\Tools\Binn\;C:\Program Files\Microsoft SQL Server\100\Tools\Binn\;C:\Program Files\Microsoft SQL Server\100\DTS\Binn\;C:\Program Files (x86)\Microsoft SQL Server\100\Tools\Binn\VSShell\Common7\IDE\;C:\Program Files (x86)\Microsoft Visual Studio 9.0\Common7\IDE\PrivateAssemblies\;C:\Program Files (x86)\Microsoft SQL Server\100\DTS\Binn\;C:\Program Files (x86)\GitExtensions\;C:\Program Files\TortoiseGit\bin
USERNAME=ravidwivedi
OS=Windows_NT
PROCESSOR_IDENTIFIER=Intel64 Family 6 Model 60 Stepping 3, GenuineIntel



---------------  S Y S T E M  ---------------

OS: Windows 7 , 64 bit Build 7601 (6.1.7601.23391)

CPU:total 4 (2 cores per cpu, 2 threads per core) family 6 model 60 stepping 3, cmov, cx8, fxsr, mmx, sse, sse2, sse3, ssse3, sse4.1, sse4.2, popcnt, avx, avx2, aes, clmul, erms, lzcnt, ht, tsc, tscinvbit, bmi1, bmi2

Memory: 4k page, physical 16680336k(3620472k free), swap 16883280k(273180k free)

vm_info: Java HotSpot(TM) 64-Bit Server VM (25.45-b02) for windows-amd64 JRE (1.8.0_45-b15), built on Apr 30 2015 12:40:44 by "java_re" with MS VC++ 10.0 (VS2010)

time: Thu Apr 28 18:29:14 2016
elapsed time: 1 seconds (0d 0h 0m 1s)

