#
# There is insufficient memory for the Java Runtime Environment to continue.
# Native memory allocation (malloc) failed to allocate 591536 bytes for Chunk::new
# Possible reasons:
#   The system is out of physical RAM or swap space
#   In 32 bit mode, the process size limit was hit
# Possible solutions:
#   Reduce memory load on the system
#   Increase physical memory or swap space
#   Check if swap backing store is full
#   Use 64 bit Java on a 64 bit OS
#   Decrease Java heap size (-Xmx/-Xms)
#   Decrease number of Java threads
#   Decrease Java thread stack sizes (-Xss)
#   Set larger code cache with -XX:ReservedCodeCacheSize=
# This output file may be truncated or incomplete.
#
#  Out of Memory Error (allocation.cpp:390), pid=13060, tid=16020
#
# JRE version: Java(TM) SE Runtime Environment (8.0_45-b15) (build 1.8.0_45-b15)
# Java VM: Java HotSpot(TM) 64-Bit Server VM (25.45-b02 mixed mode windows-amd64 compressed oops)
# Failed to write core dump. Minidumps are not enabled by default on client versions of Windows
#

---------------  T H R E A D  ---------------

Current thread (0x00000000567a7800):  JavaThread "C2 CompilerThread1" daemon [_thread_in_native, id=16020, stack(0x0000000057040000,0x0000000057140000)]

Stack: [0x0000000057040000,0x0000000057140000]
Native frames: (J=compiled Java code, j=interpreted, Vv=VM code, C=native code)
V  [jvm.dll+0x32b57a]
V  [jvm.dll+0x279873]
V  [jvm.dll+0x27a509]
V  [jvm.dll+0x271825]
V  [jvm.dll+0xcb9e2]
V  [jvm.dll+0xcbeac]
V  [jvm.dll+0x476ef2]
V  [jvm.dll+0x4b955f]
V  [jvm.dll+0x46bc14]
V  [jvm.dll+0x46ccbe]
V  [jvm.dll+0x4500f2]
V  [jvm.dll+0xa4352]
V  [jvm.dll+0xa4c8f]
V  [jvm.dll+0x241984]
V  [jvm.dll+0x29853a]
C  [msvcr100.dll+0x21d9f]
C  [msvcr100.dll+0x21e3b]
C  [kernel32.dll+0x159bd]
C  [ntdll.dll+0x2a2e1]


Current CompileTask:
C2:   4623 1789 %     4       com.android.dx.ssa.SsaConverter::placePhiFunctions @ 53 (394 bytes)


---------------  P R O C E S S  ---------------

Java Threads: ( => current thread )
  0x0000000056a14000 JavaThread "pool-2-thread-4" [_thread_blocked, id=16168, stack(0x00000000585f0000,0x00000000586f0000)]
  0x0000000056aa0800 JavaThread "pool-2-thread-3" [_thread_blocked, id=15416, stack(0x0000000058420000,0x0000000058520000)]
  0x0000000056a2d800 JavaThread "pool-2-thread-2" [_thread_blocked, id=15740, stack(0x00000000581c0000,0x00000000582c0000)]
  0x0000000056a33800 JavaThread "pool-3-thread-1" [_thread_blocked, id=16000, stack(0x00000000580c0000,0x00000000581c0000)]
  0x0000000056a33000 JavaThread "pool-2-thread-1" [_thread_blocked, id=14452, stack(0x0000000057ed0000,0x0000000057fd0000)]
  0x000000005535f800 JavaThread "Service Thread" daemon [_thread_blocked, id=8536, stack(0x00000000573e0000,0x00000000574e0000)]
  0x00000000567a8800 JavaThread "C1 CompilerThread2" daemon [_thread_blocked, id=15744, stack(0x0000000057200000,0x0000000057300000)]
=>0x00000000567a7800 JavaThread "C2 CompilerThread1" daemon [_thread_in_native, id=16020, stack(0x0000000057040000,0x0000000057140000)]
  0x00000000567a3000 JavaThread "C2 CompilerThread0" daemon [_thread_in_native, id=14516, stack(0x0000000056e20000,0x0000000056f20000)]
  0x00000000567a0800 JavaThread "Attach Listener" daemon [_thread_blocked, id=11608, stack(0x0000000056c20000,0x0000000056d20000)]
  0x0000000055355800 JavaThread "Signal Dispatcher" daemon [_thread_blocked, id=16008, stack(0x0000000056530000,0x0000000056630000)]
  0x00000000552f8800 JavaThread "Finalizer" daemon [_thread_blocked, id=10276, stack(0x00000000566a0000,0x00000000567a0000)]
  0x00000000552f1800 JavaThread "Reference Handler" daemon [_thread_blocked, id=15716, stack(0x0000000056260000,0x0000000056360000)]
  0x0000000001e8f000 JavaThread "main" [_thread_blocked, id=15640, stack(0x0000000002720000,0x0000000002820000)]

Other Threads:
  0x00000000552ec000 VMThread [stack: 0x0000000056400000,0x0000000056500000] [id=16268]
  0x000000005682c000 WatcherThread [stack: 0x0000000057540000,0x0000000057640000] [id=2216]

VM state:not at safepoint (normal execution)

VM Mutex/Monitor currently owned by a thread: None

Heap:
 PSYoungGen      total 76288K, used 53490K [0x00000000eab00000, 0x00000000f0000000, 0x0000000100000000)
  eden space 65536K, 65% used [0x00000000eab00000,0x00000000ed4c3000,0x00000000eeb00000)
  from space 10752K, 99% used [0x00000000eeb00000,0x00000000ef579978,0x00000000ef580000)
  to   space 10752K, 0% used [0x00000000ef580000,0x00000000ef580000,0x00000000f0000000)
 ParOldGen       total 175104K, used 8K [0x00000000c0000000, 0x00000000cab00000, 0x00000000eab00000)
  object space 175104K, 0% used [0x00000000c0000000,0x00000000c0002000,0x00000000cab00000)
 Metaspace       used 6159K, capacity 7088K, committed 7296K, reserved 1056768K
  class space    used 592K, capacity 616K, committed 640K, reserved 1048576K

Card table byte_map: [0x0000000011eb0000,0x00000000120c0000] byte_map_base: 0x00000000118b0000

Marking Bits: (ParMarkBitMap*) 0x00000000705e4040
 Begin Bits: [0x0000000012760000, 0x0000000013760000)
 End Bits:   [0x0000000013760000, 0x0000000014760000)

Polling page: 0x0000000000470000

CodeCache: size=245760Kb used=7436Kb max_used=7436Kb free=238323Kb
 bounds [0x0000000002af0000, 0x0000000003240000, 0x0000000011af0000]
 total_blobs=2007 nmethods=1735 adapters=182
 compilation: enabled

Compilation events (10 events):
Event: 4.459 Thread 0x00000000567a7800 nmethod 1781 0x00000000032305d0 code [0x0000000003230820, 0x0000000003232328]
Event: 4.459 Thread 0x00000000567a7800 1786       4       com.android.dx.ssa.Dominators$DfsWalker::visitBlock (59 bytes)
Event: 4.480 Thread 0x00000000567a7800 nmethod 1786 0x000000000320cf90 code [0x000000000320d100, 0x000000000320d658]
Event: 4.480 Thread 0x00000000567a7800 1787       4       com.android.dx.ssa.SsaRenamer$1::visitBlock (16 bytes)
Event: 4.484 Thread 0x00000000567a7800 nmethod 1787 0x000000000320c5d0 code [0x000000000320c760, 0x000000000320cba8]
Event: 4.484 Thread 0x00000000567a7800 1788       4       com.android.dx.ssa.SsaRenamer$BlockRenamer::<init> (72 bytes)
Event: 4.488 Thread 0x00000000567a7800 nmethod 1788 0x0000000003207c10 code [0x0000000003207d80, 0x0000000003208118]
Event: 4.488 Thread 0x00000000567a7800 1776       4       com.android.dx.rop.code.LocalVariableInfo::mergeStarts (75 bytes)
Event: 4.568 Thread 0x00000000567a7800 nmethod 1776 0x0000000003234590 code [0x00000000032347a0, 0x0000000003235e30]
Event: 4.568 Thread 0x00000000567a7800 1789 %     4       com.android.dx.ssa.SsaConverter::placePhiFunctions @ 53 (394 bytes)

GC Heap History (2 events):
Event: 2.672 GC heap before
{Heap before GC invocations=1 (full 0):
 PSYoungGen      total 76288K, used 65536K [0x00000000eab00000, 0x00000000f0000000, 0x0000000100000000)
  eden space 65536K, 100% used [0x00000000eab00000,0x00000000eeb00000,0x00000000eeb00000)
  from space 10752K, 0% used [0x00000000ef580000,0x00000000ef580000,0x00000000f0000000)
  to   space 10752K, 0% used [0x00000000eeb00000,0x00000000eeb00000,0x00000000ef580000)
 ParOldGen       total 175104K, used 0K [0x00000000c0000000, 0x00000000cab00000, 0x00000000eab00000)
  object space 175104K, 0% used [0x00000000c0000000,0x00000000c0000000,0x00000000cab00000)
 Metaspace       used 6090K, capacity 7024K, committed 7296K, reserved 1056768K
  class space    used 591K, capacity 616K, committed 640K, reserved 1048576K
Event: 2.689 GC heap after
Heap after GC invocations=1 (full 0):
 PSYoungGen      total 76288K, used 10726K [0x00000000eab00000, 0x00000000f0000000, 0x0000000100000000)
  eden space 65536K, 0% used [0x00000000eab00000,0x00000000eab00000,0x00000000eeb00000)
  from space 10752K, 99% used [0x00000000eeb00000,0x00000000ef579978,0x00000000ef580000)
  to   space 10752K, 0% used [0x00000000ef580000,0x00000000ef580000,0x00000000f0000000)
 ParOldGen       total 175104K, used 8K [0x00000000c0000000, 0x00000000cab00000, 0x00000000eab00000)
  object space 175104K, 0% used [0x00000000c0000000,0x00000000c0002000,0x00000000cab00000)
 Metaspace       used 6090K, capacity 7024K, committed 7296K, reserved 1056768K
  class space    used 591K, capacity 616K, committed 640K, reserved 1048576K
}

Deoptimization events (10 events):
Event: 2.527 Thread 0x0000000056a14000 Uncommon trap: reason=class_check action=maybe_recompile pc=0x0000000002ecf844 method=java.util.HashMap.putVal(ILjava/lang/Object;Ljava/lang/Object;ZZ)Ljava/lang/Object; @ 203
Event: 2.527 Thread 0x0000000056a14000 Uncommon trap: reason=bimorphic action=maybe_recompile pc=0x0000000002ecbc1c method=java.util.HashMap.getNode(ILjava/lang/Object;)Ljava/util/HashMap$Node; @ 126
Event: 2.527 Thread 0x0000000056a14000 Uncommon trap: reason=class_check action=maybe_recompile pc=0x0000000002ecf844 method=java.util.HashMap.putVal(ILjava/lang/Object;Ljava/lang/Object;ZZ)Ljava/lang/Object; @ 203
Event: 2.527 Thread 0x0000000056a14000 Uncommon trap: reason=class_check action=maybe_recompile pc=0x0000000002ecf844 method=java.util.HashMap.putVal(ILjava/lang/Object;Ljava/lang/Object;ZZ)Ljava/lang/Object; @ 203
Event: 2.532 Thread 0x0000000056aa0800 Uncommon trap: reason=unstable_if action=reinterpret pc=0x0000000002fbde8c method=com.android.dx.ssa.LiteralOpUpgrader$1.visitNonMoveInsn(Lcom/android/dx/ssa/NormalSsaInsn;)V @ 176
Event: 2.615 Thread 0x0000000056a14000 Uncommon trap: reason=bimorphic action=maybe_recompile pc=0x00000000030bc2e4 method=com.android.dx.cf.code.BytecodeArray.parseInstruction(ILcom/android/dx/cf/code/BytecodeArray$Visitor;)I @ 939
Event: 2.615 Thread 0x0000000056a14000 Uncommon trap: reason=bimorphic action=maybe_recompile pc=0x00000000030bc2e4 method=com.android.dx.cf.code.BytecodeArray.parseInstruction(ILcom/android/dx/cf/code/BytecodeArray$Visitor;)I @ 939
Event: 2.699 Thread 0x0000000056a14000 Uncommon trap: reason=unstable_if action=reinterpret pc=0x00000000030beccc method=com.android.dx.cf.code.ByteCatchList.listFor(I)Lcom/android/dx/cf/code/ByteCatchList; @ 19
Event: 2.841 Thread 0x0000000001e8f000 Uncommon trap: reason=unloaded action=reinterpret pc=0x0000000003044c04 method=com.android.dx.cf.cst.ConstantPoolParser.parse0(ILjava/util/BitSet;)Lcom/android/dx/rop/cst/Constant; @ 198
Event: 3.890 Thread 0x0000000056a2d800 Uncommon trap: reason=unstable_if action=reinterpret pc=0x0000000002fca8c0 method=com.android.dx.ssa.SCCP.simulateStmt(Lcom/android/dx/ssa/SsaInsn;)V @ 59

Internal exceptions (3 events):
Event: 0.030 Thread 0x0000000001e8f000 Exception <a 'java/lang/NoSuchMethodError': Method sun.misc.Unsafe.defineClass(Ljava/lang/String;[BII)Ljava/lang/Class; name or signature does not match> (0x00000000eab0de78) thrown at [C:\re\workspace\8-2-build-windows-amd64-cygwin\jdk8u45\3627\hotspot\srÞ!oúÄ§ž?
Event: 0.030 Thread 0x0000000001e8f000 Exception <a 'java/lang/NoSuchMethodError': Method sun.misc.Unsafe.prefetchRead(Ljava/lang/Object;J)V name or signature does not match> (0x00000000eab0e108) thrown at [C:\re\workspace\8-2-build-windows-amd64-cygwin\jdk8u45\3627\hotspot\src\share\vm\prims\j×¯óŽF@
Event: 2.409 Thread 0x0000000056a14000 Implicit null exception at 0x0000000002d9f74d to 0x0000000002da2761

Events (10 events):
Event: 2.841 Thread 0x0000000001e8f000 DEOPT UNPACKING pc=0x0000000002b3582a sp=0x000000000281e878 mode 2
Event: 2.901 Thread 0x0000000056aa0800 DEOPT PACKING pc=0x000000000309c66d sp=0x000000005851eaf0
Event: 2.901 Thread 0x0000000056aa0800 DEOPT UNPACKING pc=0x0000000002b3787f sp=0x000000005851e858 mode 0
Event: 3.040 loading class com/android/dx/rop/code/RegisterSpec$1
Event: 3.040 loading class com/android/dx/rop/code/RegisterSpec$1 done
Event: 3.890 Thread 0x0000000056a2d800 Uncommon trap: trap_request=0xffffff65 fr.pc=0x0000000002fca8c0
Event: 3.890 Thread 0x0000000056a2d800 DEOPT PACKING pc=0x0000000002fca8c0 sp=0x00000000582beae0
Event: 3.890 Thread 0x0000000056a2d800 DEOPT UNPACKING pc=0x0000000002b3582a sp=0x00000000582bead8 mode 2
Event: 4.155 Executing VM operation: EnableBiasedLocking
Event: 4.155 Executing VM operation: EnableBiasedLocking done


Dynamic libraries:
0x000000013f0d0000 - 0x000000013f107000 	C:\Program Files\Java\jdk1.8.0_45\bin\java.exe
0x0000000077400000 - 0x00000000775aa000 	C:\Windows\SYSTEM32\ntdll.dll
0x00000000771e0000 - 0x00000000772ff000 	C:\Windows\system32\kernel32.dll
0x000007fefd370000 - 0x000007fefd3da000 	C:\Windows\system32\KERNELBASE.dll
0x0000000074f40000 - 0x0000000074fc9000 	C:\Windows\System32\SYSFER.DLL
0x000007feff610000 - 0x000007feff6eb000 	C:\Windows\system32\ADVAPI32.dll
0x000007fefdb00000 - 0x000007fefdb9f000 	C:\Windows\system32\msvcrt.dll
0x000007feff6f0000 - 0x000007feff70f000 	C:\Windows\SYSTEM32\sechost.dll
0x000007fefebe0000 - 0x000007fefed0d000 	C:\Windows\system32\RPCRT4.dll
0x0000000077300000 - 0x00000000773fa000 	C:\Windows\system32\USER32.dll
0x000007fefee00000 - 0x000007fefee67000 	C:\Windows\system32\GDI32.dll
0x000007fefd6d0000 - 0x000007fefd6de000 	C:\Windows\system32\LPK.dll
0x000007fefd600000 - 0x000007fefd6ca000 	C:\Windows\system32\USP10.dll
0x000007fefbc30000 - 0x000007fefbe24000 	C:\Windows\WinSxS\amd64_microsoft.windows.common-controls_6595b64144ccf1df_6.0.7601.18837_none_fa3b1e3d17594757\COMCTL32.dll
0x000007feff4f0000 - 0x000007feff561000 	C:\Windows\system32\SHLWAPI.dll
0x000007fefebb0000 - 0x000007fefebde000 	C:\Windows\system32\IMM32.DLL
0x000007fefd6e0000 - 0x000007fefd7e9000 	C:\Windows\system32\MSCTF.dll
0x0000000078c20000 - 0x0000000078cf2000 	C:\Program Files\Java\jdk1.8.0_45\jre\bin\msvcr100.dll
0x000000006fde0000 - 0x0000000070663000 	C:\Program Files\Java\jdk1.8.0_45\jre\bin\server\jvm.dll
0x000007fef6e40000 - 0x000007fef6e49000 	C:\Windows\system32\WSOCK32.dll
0x000007feff100000 - 0x000007feff14d000 	C:\Windows\system32\WS2_32.dll
0x000007fefed10000 - 0x000007fefed18000 	C:\Windows\system32\NSI.dll
0x000007fefb130000 - 0x000007fefb16b000 	C:\Windows\system32\WINMM.dll
0x000007fefc320000 - 0x000007fefc32c000 	C:\Windows\system32\VERSION.dll
0x00000000775c0000 - 0x00000000775c7000 	C:\Windows\system32\PSAPI.DLL
0x0000000000460000 - 0x000000000046f000 	C:\Program Files\Java\jdk1.8.0_45\jre\bin\verify.dll
0x000000006cd20000 - 0x000000006cd49000 	C:\Program Files\Java\jdk1.8.0_45\jre\bin\java.dll
0x0000000070d30000 - 0x0000000070d46000 	C:\Program Files\Java\jdk1.8.0_45\jre\bin\zip.dll
0x000007fefde20000 - 0x000007fefebaa000 	C:\Windows\system32\SHELL32.dll
0x000007fefd7f0000 - 0x000007fefd9f3000 	C:\Windows\system32\ole32.dll
0x000007fefd240000 - 0x000007fefd24f000 	C:\Windows\system32\profapi.dll
0x000007fef77d0000 - 0x000007fef78f5000 	C:\Windows\system32\dbghelp.dll

VM Arguments:
jvm_args: -Djava.awt.headless=true -Xmx1024M -Dfile.encoding=windows-1252 -Duser.country=IN -Duser.language=en -Duser.variant 
java_command: com.android.dx.command.Main --dex --force-jumbo --num-threads=4 --multi-dex --output E:\Android\Sunshine\MadeMyself\MovieInfoPro\app\build\intermediates\transforms\dex\debug\folders\1000\10\com.android.support-design-23.3.0_d808faf3ab2ebbb53936042c78db40c5e7193741 E:\Android\Sunshine\MadeMyself\MovieInfoPro\app\build\intermediates\exploded-aar\com.android.support\design\23.3.0\jars\classes.jar
java_class_path (initial): C:\Users\ravidwivedi\AppData\Local\Android\sdk\build-tools\23.0.2\lib\dx.jar
Launcher Type: SUN_STANDARD

Environment Variables:
JAVA_HOME=C:\Program Files\Java\jdk1.8.0_45
PATH=C:\ProgramData\Oracle\Java\javapath;C:\Program Files (x86)\Intel\iCLS Client\;C:\Program Files\Intel\iCLS Client\;C:\Windows\system32;C:\Windows;C:\Windows\System32\Wbem;C:\Windows\System32\WindowsPowerShell\v1.0\;C:\Program Files\Intel\WiFi\bin\;C:\Program Files\Common Files\Intel\WirelessCommon\;C:\Program Files\Intel\Intel(R) Management Engine Components\DAL;C:\Program Files (x86)\Intel\Intel(R) Management Engine Components\DAL;C:\Program Files\Intel\Intel(R) Management Engine Components\IPT;C:\Program Files (x86)\Intel\Intel(R) Management Engine Components\IPT;C:\Program Files (x86)\Intel\OpenCL SDK\3.0\bin\x86;C:\Program Files (x86)\Intel\OpenCL SDK\3.0\bin\x64;C:\Program Files\TortoiseSVN\bin;C:\Program Files\Microsoft SQL Server\120\DTS\Binn\;C:\Program Files\Microsoft SQL Server\Client SDK\ODBC\110\Tools\Binn\;C:\Program Files (x86)\Microsoft SQL Server\120\Tools\Binn\;C:\Program Files\Microsoft SQL Server\120\Tools\Binn\;C:\Program Files (x86)\Microsoft SQL Server\120\Tools\Binn\ManagementStudio\;C:\Program Files (x86)\Microsoft SQL Server\120\DTS\Binn\;C:\Program Files (x86)\Windows Kits\8.1\Windows Performance Toolkit\;C:\Program Files\Microsoft SQL Server\110\Tools\Binn\;C:\Program Files (x86)\Microsoft SDKs\TypeScript\1.0\;C:\Program Files\MongoDB\Server\3.0\bin\;C:\Program Files\Java\jdk1.8.0_45\bin\;C:\Program Files (x86)\Skype\Phone\;C:\Program Files (x86)\Microsoft SQL Server\100\Tools\Binn\;C:\Program Files\Microsoft SQL Server\100\Tools\Binn\;C:\Program Files\Microsoft SQL Server\100\DTS\Binn\;C:\Program Files (x86)\Microsoft SQL Server\100\Tools\Binn\VSShell\Common7\IDE\;C:\Program Files (x86)\Microsoft Visual Studio 9.0\Common7\IDE\PrivateAssemblies\;C:\Program Files (x86)\Microsoft SQL Server\100\DTS\Binn\;C:\Program Files (x86)\GitExtensions\;C:\Program Files\TortoiseGit\bin
USERNAME=ravidwivedi
OS=Windows_NT
PROCESSOR_IDENTIFIER=Intel64 Family 6 Model 60 Stepping 3, GenuineIntel



---------------  S Y S T E M  ---------------

OS: Windows 7 , 64 bit Build 7601 (6.1.7601.23391)

CPU:total 4 (2 cores per cpu, 2 threads per core) family 6 model 60 stepping 3, cmov, cx8, fxsr, mmx, sse, sse2, sse3, ssse3, sse4.1, sse4.2, popcnt, avx, avx2, aes, clmul, erms, lzcnt, ht, tsc, tscinvbit, bmi1, bmi2

Memory: 4k page, physical 16680336k(3509900k free), swap 16883280k(9052k free)

vm_info: Java HotSpot(TM) 64-Bit Server VM (25.45-b02) for windows-amd64 JRE (1.8.0_45-b15), built on Apr 30 2015 12:40:44 by "java_re" with MS VC++ 10.0 (VS2010)

time: Thu Apr 28 18:29:52 2016
elapsed time: 4 seconds (0d 0h 0m 4s)

