#
# There is insufficient memory for the Java Runtime Environment to continue.
# Native memory allocation (malloc) failed to allocate 168080 bytes for Chunk::new
# Possible reasons:
#   The system is out of physical RAM or swap space
#   In 32 bit mode, the process size limit was hit
# Possible solutions:
#   Reduce memory load on the system
#   Increase physical memory or swap space
#   Check if swap backing store is full
#   Use 64 bit Java on a 64 bit OS
#   Decrease Java heap size (-Xmx/-Xms)
#   Decrease number of Java threads
#   Decrease Java thread stack sizes (-Xss)
#   Set larger code cache with -XX:ReservedCodeCacheSize=
# This output file may be truncated or incomplete.
#
#  Out of Memory Error (allocation.cpp:390), pid=16176, tid=15160
#
# JRE version: Java(TM) SE Runtime Environment (8.0_45-b15) (build 1.8.0_45-b15)
# Java VM: Java HotSpot(TM) 64-Bit Server VM (25.45-b02 mixed mode windows-amd64 compressed oops)
# Failed to write core dump. Minidumps are not enabled by default on client versions of Windows
#

---------------  T H R E A D  ---------------

Current thread (0x0000000055208800):  JavaThread "C2 CompilerThread0" daemon [_thread_in_native, id=15160, stack(0x00000000567c0000,0x00000000568c0000)]

Stack: [0x00000000567c0000,0x00000000568c0000]
Native frames: (J=compiled Java code, j=interpreted, Vv=VM code, C=native code)
V  [jvm.dll+0x32b57a]
V  [jvm.dll+0x279873]
V  [jvm.dll+0x27a509]
V  [jvm.dll+0x271825]
V  [jvm.dll+0xcb9e2]
V  [jvm.dll+0xcbeac]
V  [jvm.dll+0x464342]
V  [jvm.dll+0x4d9490]
V  [jvm.dll+0x4dc0a8]
V  [jvm.dll+0x46a551]
V  [jvm.dll+0x46cd52]
V  [jvm.dll+0x4500f2]
V  [jvm.dll+0xa4352]
V  [jvm.dll+0xa4c8f]
V  [jvm.dll+0x241984]
V  [jvm.dll+0x29853a]
C  [msvcr100.dll+0x21d9f]
C  [msvcr100.dll+0x21e3b]
C  [kernel32.dll+0x159bd]
C  [ntdll.dll+0x2a2e1]


Current CompileTask:
C2:   4817 1800 %     4       com.android.dx.ssa.SsaMethod::forEachBlockDepthFirst @ 129 (194 bytes)


---------------  P R O C E S S  ---------------

Java Threads: ( => current thread )
  0x00000000570ba000 JavaThread "pool-2-thread-4" [_thread_blocked, id=2068, stack(0x0000000058240000,0x0000000058340000)]
  0x00000000570b4000 JavaThread "pool-2-thread-3" [_thread_blocked, id=15828, stack(0x00000000568c0000,0x00000000569c0000)]
  0x000000005708e000 JavaThread "pool-2-thread-2" [_thread_blocked, id=16072, stack(0x0000000057300000,0x0000000057400000)]
  0x000000005756e000 JavaThread "pool-3-thread-1" [_thread_blocked, id=15936, stack(0x0000000058000000,0x0000000058100000)]
  0x0000000056f82000 JavaThread "pool-2-thread-1" [_thread_blocked, id=15724, stack(0x0000000057e60000,0x0000000057f60000)]
  0x0000000056d30000 JavaThread "Service Thread" daemon [_thread_blocked, id=14452, stack(0x00000000571d0000,0x00000000572d0000)]
  0x000000005520d800 JavaThread "C1 CompilerThread2" daemon [_thread_blocked, id=4284, stack(0x0000000056bd0000,0x0000000056cd0000)]
  0x000000005520c800 JavaThread "C2 CompilerThread1" daemon [_thread_in_native, id=15708, stack(0x00000000569e0000,0x0000000056ae0000)]
=>0x0000000055208800 JavaThread "C2 CompilerThread0" daemon [_thread_in_native, id=15160, stack(0x00000000567c0000,0x00000000568c0000)]
  0x0000000055205000 JavaThread "Attach Listener" daemon [_thread_blocked, id=11672, stack(0x00000000565f0000,0x00000000566f0000)]
  0x0000000055204000 JavaThread "Signal Dispatcher" daemon [_thread_blocked, id=708, stack(0x0000000056400000,0x0000000056500000)]
  0x00000000551a8800 JavaThread "Finalizer" daemon [_thread_blocked, id=16084, stack(0x00000000562d0000,0x00000000563d0000)]
  0x00000000551a1800 JavaThread "Reference Handler" daemon [_thread_blocked, id=15416, stack(0x0000000056130000,0x0000000056230000)]
  0x000000000229f000 JavaThread "main" [_thread_blocked, id=16332, stack(0x0000000002590000,0x0000000002690000)]

Other Threads:
  0x000000005519c000 VMThread [stack: 0x0000000056020000,0x0000000056120000] [id=15648]
  0x0000000056d3b000 WatcherThread [stack: 0x0000000057440000,0x0000000057540000] [id=15736]

VM state:not at safepoint (normal execution)

VM Mutex/Monitor currently owned by a thread: None

Heap:
 PSYoungGen      total 76288K, used 59187K [0x00000000eab00000, 0x00000000f4000000, 0x0000000100000000)
  eden space 65536K, 76% used [0x00000000eab00000,0x00000000edba4698,0x00000000eeb00000)
  from space 10752K, 87% used [0x00000000eeb00000,0x00000000ef428708,0x00000000ef580000)
  to   space 10752K, 0% used [0x00000000f3580000,0x00000000f3580000,0x00000000f4000000)
 ParOldGen       total 175104K, used 16K [0x00000000c0000000, 0x00000000cab00000, 0x00000000eab00000)
  object space 175104K, 0% used [0x00000000c0000000,0x00000000c0004000,0x00000000cab00000)
 Metaspace       used 6193K, capacity 7088K, committed 7296K, reserved 1056768K
  class space    used 594K, capacity 616K, committed 640K, reserved 1048576K

Card table byte_map: [0x0000000011d20000,0x0000000011f30000] byte_map_base: 0x0000000011720000

Marking Bits: (ParMarkBitMap*) 0x00000000705e4040
 Begin Bits: [0x0000000012610000, 0x0000000013610000)
 End Bits:   [0x0000000013610000, 0x0000000014610000)

Polling page: 0x0000000000360000

CodeCache: size=245760Kb used=7921Kb max_used=7933Kb free=237838Kb
 bounds [0x0000000002960000, 0x0000000003130000, 0x0000000011960000]
 total_blobs=2067 nmethods=1798 adapters=182
 compilation: enabled

Compilation events (10 events):
Event: 4.680 Thread 0x0000000055208800 1796       4       java.util.TreeMap::getEntry (84 bytes)
Event: 4.681 Thread 0x000000005520c800 nmethod 1794 0x00000000030f9450 code [0x00000000030f95a0, 0x00000000030f9958]
Event: 4.681 Thread 0x000000005520c800 1798       4       java.util.TreeMap::put (247 bytes)
Event: 4.682 Thread 0x0000000055208800 nmethod 1796 0x00000000030c55d0 code [0x00000000030c5720, 0x00000000030c5878]
Event: 4.682 Thread 0x0000000055208800 1799       4       com.android.dx.rop.code.BasicBlockList::preferredSuccessorOf (77 bytes)
Event: 4.685 Thread 0x0000000055208800 nmethod 1799 0x00000000030f8890 code [0x00000000030f8a00, 0x00000000030f8d18]
Event: 4.692 Thread 0x000000005520c800 nmethod 1798 0x00000000030f5610 code [0x00000000030f57a0, 0x00000000030f60b8]
Event: 4.715 Thread 0x0000000055208800 1800 %     4       com.android.dx.ssa.SsaMethod::forEachBlockDepthFirst @ 129 (194 bytes)
Event: 4.719 Thread 0x000000005520d800 1801       3       com.android.dx.rop.annotation.Annotations::addAll (59 bytes)
Event: 4.719 Thread 0x000000005520d800 nmethod 1801 0x00000000030c9190 code [0x00000000030c93a0, 0x00000000030c9eb8]

GC Heap History (2 events):
Event: 2.177 GC heap before
{Heap before GC invocations=1 (full 0):
 PSYoungGen      total 76288K, used 65536K [0x00000000eab00000, 0x00000000f0000000, 0x0000000100000000)
  eden space 65536K, 100% used [0x00000000eab00000,0x00000000eeb00000,0x00000000eeb00000)
  from space 10752K, 0% used [0x00000000ef580000,0x00000000ef580000,0x00000000f0000000)
  to   space 10752K, 0% used [0x00000000eeb00000,0x00000000eeb00000,0x00000000ef580000)
 ParOldGen       total 175104K, used 0K [0x00000000c0000000, 0x00000000cab00000, 0x00000000eab00000)
  object space 175104K, 0% used [0x00000000c0000000,0x00000000c0000000,0x00000000cab00000)
 Metaspace       used 6134K, capacity 7088K, committed 7296K, reserved 1056768K
  class space    used 592K, capacity 616K, committed 640K, reserved 1048576K
Event: 2.587 GC heap after
Heap after GC invocations=1 (full 0):
 PSYoungGen      total 76288K, used 9377K [0x00000000eab00000, 0x00000000f4000000, 0x0000000100000000)
  eden space 65536K, 0% used [0x00000000eab00000,0x00000000eab00000,0x00000000eeb00000)
  from space 10752K, 87% used [0x00000000eeb00000,0x00000000ef428708,0x00000000ef580000)
  to   space 10752K, 0% used [0x00000000f3580000,0x00000000f3580000,0x00000000f4000000)
 ParOldGen       total 175104K, used 16K [0x00000000c0000000, 0x00000000cab00000, 0x00000000eab00000)
  object space 175104K, 0% used [0x00000000c0000000,0x00000000c0004000,0x00000000cab00000)
 Metaspace       used 6134K, capacity 7088K, committed 7296K, reserved 1056768K
  class space    used 592K, capacity 616K, committed 640K, reserved 1048576K
}

Deoptimization events (10 events):
Event: 3.748 Thread 0x0000000056f82000 Uncommon trap: reason=unstable_if action=reinterpret pc=0x0000000002f0bd84 method=com.android.dx.rop.code.RegisterSpecSet.put(Lcom/android/dx/rop/code/RegisterSpec;)V @ 77
Event: 3.749 Thread 0x0000000056f82000 Uncommon trap: reason=unstable_if action=reinterpret pc=0x0000000003024548 method=com.android.dx.rop.code.RegisterSpecSet.put(Lcom/android/dx/rop/code/RegisterSpec;)V @ 77
Event: 3.749 Thread 0x0000000056f82000 Uncommon trap: reason=unstable_if action=reinterpret pc=0x0000000003019f14 method=com.android.dx.rop.code.RegisterSpecSet.put(Lcom/android/dx/rop/code/RegisterSpec;)V @ 77
Event: 4.172 Thread 0x000000005708e000 Uncommon trap: reason=bimorphic action=maybe_recompile pc=0x0000000002f60a04 method=java.util.HashMap.getNode(ILjava/lang/Object;)Ljava/util/HashMap$Node; @ 126
Event: 4.172 Thread 0x000000005708e000 Uncommon trap: reason=class_check action=maybe_recompile pc=0x0000000002d400b4 method=java.util.HashMap.putVal(ILjava/lang/Object;Ljava/lang/Object;ZZ)Ljava/lang/Object; @ 203
Event: 4.172 Thread 0x000000005708e000 Uncommon trap: reason=bimorphic action=maybe_recompile pc=0x0000000002f60a04 method=java.util.HashMap.getNode(ILjava/lang/Object;)Ljava/util/HashMap$Node; @ 126
Event: 4.172 Thread 0x000000005708e000 Uncommon trap: reason=class_check action=maybe_recompile pc=0x0000000002d400b4 method=java.util.HashMap.putVal(ILjava/lang/Object;Ljava/lang/Object;ZZ)Ljava/lang/Object; @ 203
Event: 4.172 Thread 0x000000005708e000 Uncommon trap: reason=bimorphic action=maybe_recompile pc=0x0000000002f60a04 method=java.util.HashMap.getNode(ILjava/lang/Object;)Ljava/util/HashMap$Node; @ 126
Event: 4.172 Thread 0x000000005708e000 Uncommon trap: reason=bimorphic action=maybe_recompile pc=0x0000000002f60a04 method=java.util.HashMap.getNode(ILjava/lang/Object;)Ljava/util/HashMap$Node; @ 126
Event: 4.172 Thread 0x000000005708e000 Uncommon trap: reason=class_check action=maybe_recompile pc=0x0000000002d400b4 method=java.util.HashMap.putVal(ILjava/lang/Object;Ljava/lang/Object;ZZ)Ljava/lang/Object; @ 203

Internal exceptions (5 events):
Event: 0.049 Thread 0x000000000229f000 Exception <a 'java/lang/NoSuchMethodError': Method sun.misc.Unsafe.defineClass(Ljava/lang/String;[BII)Ljava/lang/Class; name or signature does not match> (0x00000000eab0e008) thrown at [C:\re\workspace\8-2-build-windows-amd64-cygwin\jdk8u45\3627\hotspot\sr$.¶àﬂË®?
Event: 0.049 Thread 0x000000000229f000 Exception <a 'java/lang/NoSuchMethodError': Method sun.misc.Unsafe.prefetchRead(Ljava/lang/Object;J)V name or signature does not match> (0x00000000eab0e298) thrown at [C:\re\workspace\8-2-build-windows-amd64-cygwin\jdk8u45\3627\hotspot\src\share\vm\prims\jêKe≠Ù?
Event: 1.292 Thread 0x000000000229f000 Implicit null exception at 0x0000000002c60a8c to 0x0000000002c62cf9
Event: 1.292 Thread 0x000000000229f000 Implicit null exception at 0x0000000002c2b756 to 0x0000000002c2da2d
Event: 1.428 Thread 0x00000000570b4000 Implicit null exception at 0x0000000002c545d2 to 0x0000000002c546d5

Events (10 events):
Event: 4.172 Thread 0x000000005708e000 Uncommon trap: trap_request=0xffffffc6 fr.pc=0x0000000002f60a04
Event: 4.172 Thread 0x000000005708e000 DEOPT PACKING pc=0x0000000002f60a04 sp=0x00000000573fe860
Event: 4.172 Thread 0x000000005708e000 DEOPT UNPACKING pc=0x00000000029a582a sp=0x00000000573fe7e0 mode 2
Event: 4.172 Thread 0x000000005708e000 Uncommon trap: trap_request=0xffffffde fr.pc=0x0000000002d400b4
Event: 4.172 Thread 0x000000005708e000 DEOPT PACKING pc=0x0000000002d400b4 sp=0x00000000573fed30
Event: 4.172 Thread 0x000000005708e000 DEOPT UNPACKING pc=0x00000000029a582a sp=0x00000000573fecb8 mode 2
Event: 4.186 Executing VM operation: EnableBiasedLocking
Event: 4.186 Executing VM operation: EnableBiasedLocking done
Event: 4.676 loading class com/android/dx/cf/attrib/AttExceptions
Event: 4.676 loading class com/android/dx/cf/attrib/AttExceptions done


Dynamic libraries:
0x000000013f0d0000 - 0x000000013f107000 	C:\Program Files\Java\jdk1.8.0_45\bin\java.exe
0x0000000077400000 - 0x00000000775aa000 	C:\Windows\SYSTEM32\ntdll.dll
0x00000000771e0000 - 0x00000000772ff000 	C:\Windows\system32\kernel32.dll
0x000007fefd370000 - 0x000007fefd3da000 	C:\Windows\system32\KERNELBASE.dll
0x0000000074f40000 - 0x0000000074fc9000 	C:\Windows\System32\SYSFER.DLL
0x000007feff610000 - 0x000007feff6eb000 	C:\Windows\system32\ADVAPI32.dll
0x000007fefdb00000 - 0x000007fefdb9f000 	C:\Windows\system32\msvcrt.dll
0x000007feff6f0000 - 0x000007feff70f000 	C:\Windows\SYSTEM32\sechost.dll
0x000007fefebe0000 - 0x000007fefed0d000 	C:\Windows\system32\RPCRT4.dll
0x0000000077300000 - 0x00000000773fa000 	C:\Windows\system32\USER32.dll
0x000007fefee00000 - 0x000007fefee67000 	C:\Windows\system32\GDI32.dll
0x000007fefd6d0000 - 0x000007fefd6de000 	C:\Windows\system32\LPK.dll
0x000007fefd600000 - 0x000007fefd6ca000 	C:\Windows\system32\USP10.dll
0x000007fefbc30000 - 0x000007fefbe24000 	C:\Windows\WinSxS\amd64_microsoft.windows.common-controls_6595b64144ccf1df_6.0.7601.18837_none_fa3b1e3d17594757\COMCTL32.dll
0x000007feff4f0000 - 0x000007feff561000 	C:\Windows\system32\SHLWAPI.dll
0x000007fefebb0000 - 0x000007fefebde000 	C:\Windows\system32\IMM32.DLL
0x000007fefd6e0000 - 0x000007fefd7e9000 	C:\Windows\system32\MSCTF.dll
0x0000000078c20000 - 0x0000000078cf2000 	C:\Program Files\Java\jdk1.8.0_45\jre\bin\msvcr100.dll
0x000000006fde0000 - 0x0000000070663000 	C:\Program Files\Java\jdk1.8.0_45\jre\bin\server\jvm.dll
0x000007fef6e40000 - 0x000007fef6e49000 	C:\Windows\system32\WSOCK32.dll
0x000007feff100000 - 0x000007feff14d000 	C:\Windows\system32\WS2_32.dll
0x000007fefed10000 - 0x000007fefed18000 	C:\Windows\system32\NSI.dll
0x000007fefb130000 - 0x000007fefb16b000 	C:\Windows\system32\WINMM.dll
0x000007fefc320000 - 0x000007fefc32c000 	C:\Windows\system32\VERSION.dll
0x00000000775c0000 - 0x00000000775c7000 	C:\Windows\system32\PSAPI.DLL
0x0000000000350000 - 0x000000000035f000 	C:\Program Files\Java\jdk1.8.0_45\jre\bin\verify.dll
0x000000006cd20000 - 0x000000006cd49000 	C:\Program Files\Java\jdk1.8.0_45\jre\bin\java.dll
0x0000000070d30000 - 0x0000000070d46000 	C:\Program Files\Java\jdk1.8.0_45\jre\bin\zip.dll
0x000007fefde20000 - 0x000007fefebaa000 	C:\Windows\system32\SHELL32.dll
0x000007fefd7f0000 - 0x000007fefd9f3000 	C:\Windows\system32\ole32.dll
0x000007fefd240000 - 0x000007fefd24f000 	C:\Windows\system32\profapi.dll
0x000007fef77d0000 - 0x000007fef78f5000 	C:\Windows\system32\dbghelp.dll

VM Arguments:
jvm_args: -Djava.awt.headless=true -Xmx1024M -Dfile.encoding=windows-1252 -Duser.country=IN -Duser.language=en -Duser.variant 
java_command: com.android.dx.command.Main --dex --force-jumbo --num-threads=4 --multi-dex --output E:\Android\Sunshine\MadeMyself\MovieInfoPro\app\build\intermediates\transforms\dex\debug\folders\1000\10\com.android.support-support-v4-23.3.0_c9267a769a1a30bc8829030d18044ea135cdd7ed E:\Android\Sunshine\MadeMyself\MovieInfoPro\app\build\intermediates\exploded-aar\com.android.support\support-v4\23.3.0\jars\classes.jar
java_class_path (initial): C:\Users\ravidwivedi\AppData\Local\Android\sdk\build-tools\23.0.2\lib\dx.jar
Launcher Type: SUN_STANDARD

Environment Variables:
JAVA_HOME=C:\Program Files\Java\jdk1.8.0_45
PATH=C:\ProgramData\Oracle\Java\javapath;C:\Program Files (x86)\Intel\iCLS Client\;C:\Program Files\Intel\iCLS Client\;C:\Windows\system32;C:\Windows;C:\Windows\System32\Wbem;C:\Windows\System32\WindowsPowerShell\v1.0\;C:\Program Files\Intel\WiFi\bin\;C:\Program Files\Common Files\Intel\WirelessCommon\;C:\Program Files\Intel\Intel(R) Management Engine Components\DAL;C:\Program Files (x86)\Intel\Intel(R) Management Engine Components\DAL;C:\Program Files\Intel\Intel(R) Management Engine Components\IPT;C:\Program Files (x86)\Intel\Intel(R) Management Engine Components\IPT;C:\Program Files (x86)\Intel\OpenCL SDK\3.0\bin\x86;C:\Program Files (x86)\Intel\OpenCL SDK\3.0\bin\x64;C:\Program Files\TortoiseSVN\bin;C:\Program Files\Microsoft SQL Server\120\DTS\Binn\;C:\Program Files\Microsoft SQL Server\Client SDK\ODBC\110\Tools\Binn\;C:\Program Files (x86)\Microsoft SQL Server\120\Tools\Binn\;C:\Program Files\Microsoft SQL Server\120\Tools\Binn\;C:\Program Files (x86)\Microsoft SQL Server\120\Tools\Binn\ManagementStudio\;C:\Program Files (x86)\Microsoft SQL Server\120\DTS\Binn\;C:\Program Files (x86)\Windows Kits\8.1\Windows Performance Toolkit\;C:\Program Files\Microsoft SQL Server\110\Tools\Binn\;C:\Program Files (x86)\Microsoft SDKs\TypeScript\1.0\;C:\Program Files\MongoDB\Server\3.0\bin\;C:\Program Files\Java\jdk1.8.0_45\bin\;C:\Program Files (x86)\Skype\Phone\;C:\Program Files (x86)\Microsoft SQL Server\100\Tools\Binn\;C:\Program Files\Microsoft SQL Server\100\Tools\Binn\;C:\Program Files\Microsoft SQL Server\100\DTS\Binn\;C:\Program Files (x86)\Microsoft SQL Server\100\Tools\Binn\VSShell\Common7\IDE\;C:\Program Files (x86)\Microsoft Visual Studio 9.0\Common7\IDE\PrivateAssemblies\;C:\Program Files (x86)\Microsoft SQL Server\100\DTS\Binn\;C:\Program Files (x86)\GitExtensions\;C:\Program Files\TortoiseGit\bin
USERNAME=ravidwivedi
OS=Windows_NT
PROCESSOR_IDENTIFIER=Intel64 Family 6 Model 60 Stepping 3, GenuineIntel



---------------  S Y S T E M  ---------------

OS: Windows 7 , 64 bit Build 7601 (6.1.7601.23391)

CPU:total 4 (2 cores per cpu, 2 threads per core) family 6 model 60 stepping 3, cmov, cx8, fxsr, mmx, sse, sse2, sse3, ssse3, sse4.1, sse4.2, popcnt, avx, avx2, aes, clmul, erms, lzcnt, ht, tsc, tscinvbit, bmi1, bmi2

Memory: 4k page, physical 16680336k(3620472k free), swap 16883280k(273180k free)

vm_info: Java HotSpot(TM) 64-Bit Server VM (25.45-b02) for windows-amd64 JRE (1.8.0_45-b15), built on Apr 30 2015 12:40:44 by "java_re" with MS VC++ 10.0 (VS2010)

time: Thu Apr 28 18:29:14 2016
elapsed time: 4 seconds (0d 0h 0m 4s)

