#
# There is insufficient memory for the Java Runtime Environment to continue.
# Native memory allocation (malloc) failed to allocate 104672 bytes for Chunk::new
# Possible reasons:
#   The system is out of physical RAM or swap space
#   In 32 bit mode, the process size limit was hit
# Possible solutions:
#   Reduce memory load on the system
#   Increase physical memory or swap space
#   Check if swap backing store is full
#   Use 64 bit Java on a 64 bit OS
#   Decrease Java heap size (-Xmx/-Xms)
#   Decrease number of Java threads
#   Decrease Java thread stack sizes (-Xss)
#   Set larger code cache with -XX:ReservedCodeCacheSize=
# This output file may be truncated or incomplete.
#
#  Out of Memory Error (allocation.cpp:390), pid=14512, tid=14284
#
# JRE version: Java(TM) SE Runtime Environment (8.0_45-b15) (build 1.8.0_45-b15)
# Java VM: Java HotSpot(TM) 64-Bit Server VM (25.45-b02 mixed mode windows-amd64 compressed oops)
# Failed to write core dump. Minidumps are not enabled by default on client versions of Windows
#

---------------  T H R E A D  ---------------

Current thread (0x0000000056766800):  JavaThread "C2 CompilerThread1" daemon [_thread_in_native, id=14284, stack(0x0000000056fc0000,0x00000000570c0000)]

Stack: [0x0000000056fc0000,0x00000000570c0000]
Native frames: (J=compiled Java code, j=interpreted, Vv=VM code, C=native code)
V  [jvm.dll+0x32b57a]


Current CompileTask:
C2:   2359 1403   !   4       com.android.dx.cf.cst.ConstantPoolParser::parse0 (731 bytes)


---------------  P R O C E S S  ---------------

Java Threads: ( => current thread )
  0x00000000569ee800 JavaThread "pool-2-thread-4" [_thread_blocked, id=15484, stack(0x0000000058410000,0x0000000058510000)]
  0x00000000569eb800 JavaThread "pool-2-thread-3" [_thread_blocked, id=10880, stack(0x0000000058190000,0x0000000058290000)]
  0x00000000569ea000 JavaThread "pool-2-thread-2" [_thread_in_Java, id=16020, stack(0x0000000057fb0000,0x00000000580b0000)]
  0x00000000569c8800 JavaThread "pool-3-thread-1" [_thread_blocked, id=3500, stack(0x0000000056bd0000,0x0000000056cd0000)]
  0x00000000569c6800 JavaThread "pool-2-thread-1" [_thread_blocked, id=1320, stack(0x0000000057dc0000,0x0000000057ec0000)]
  0x000000005676a000 JavaThread "Service Thread" daemon [_thread_blocked, id=9992, stack(0x0000000057220000,0x0000000057320000)]
  0x0000000056767800 JavaThread "C1 CompilerThread2" daemon [_thread_blocked, id=16000, stack(0x0000000057100000,0x0000000057200000)]
=>0x0000000056766800 JavaThread "C2 CompilerThread1" daemon [_thread_in_native, id=14284, stack(0x0000000056fc0000,0x00000000570c0000)]
  0x0000000056762800 JavaThread "C2 CompilerThread0" daemon [_thread_blocked, id=15108, stack(0x0000000056e90000,0x0000000056f90000)]
  0x0000000055255000 JavaThread "Attach Listener" daemon [_thread_blocked, id=10536, stack(0x0000000056d20000,0x0000000056e20000)]
  0x0000000055253800 JavaThread "Signal Dispatcher" daemon [_thread_blocked, id=7548, stack(0x0000000056560000,0x0000000056660000)]
  0x00000000551f3000 JavaThread "Finalizer" daemon [_thread_blocked, id=7948, stack(0x0000000056660000,0x0000000056760000)]
  0x00000000551f1800 JavaThread "Reference Handler" daemon [_thread_blocked, id=11348, stack(0x0000000056410000,0x0000000056510000)]
  0x000000000248f000 JavaThread "main" [_thread_blocked, id=15468, stack(0x0000000002490000,0x0000000002590000)]

Other Threads:
  0x00000000551ec000 VMThread [stack: 0x00000000562f0000,0x00000000563f0000] [id=1068]
  0x000000005676c800 WatcherThread [stack: 0x0000000057410000,0x0000000057510000] [id=11340]

VM state:not at safepoint (normal execution)

VM Mutex/Monitor currently owned by a thread: None

Heap:
 PSYoungGen      total 76288K, used 56383K [0x00000000eab00000, 0x00000000f0000000, 0x0000000100000000)
  eden space 65536K, 86% used [0x00000000eab00000,0x00000000ee20fc28,0x00000000eeb00000)
  from space 10752K, 0% used [0x00000000ef580000,0x00000000ef580000,0x00000000f0000000)
  to   space 10752K, 0% used [0x00000000eeb00000,0x00000000eeb00000,0x00000000ef580000)
 ParOldGen       total 175104K, used 0K [0x00000000c0000000, 0x00000000cab00000, 0x00000000eab00000)
  object space 175104K, 0% used [0x00000000c0000000,0x00000000c0000000,0x00000000cab00000)
 Metaspace       used 6068K, capacity 6960K, committed 7040K, reserved 1056768K
  class space    used 590K, capacity 616K, committed 640K, reserved 1048576K

Card table byte_map: [0x0000000011d20000,0x0000000011f30000] byte_map_base: 0x0000000011720000

Marking Bits: (ParMarkBitMap*) 0x00000000705e4040
 Begin Bits: [0x0000000012660000, 0x0000000013660000)
 End Bits:   [0x0000000013660000, 0x0000000014660000)

Polling page: 0x0000000000160000

CodeCache: size=245760Kb used=5575Kb max_used=5575Kb free=240184Kb
 bounds [0x0000000002960000, 0x0000000002ee0000, 0x0000000011960000]
 total_blobs=1672 nmethods=1403 adapters=182
 compilation: enabled

Compilation events (10 events):
Event: 2.343 Thread 0x0000000056767800 1402       3       com.android.dx.rop.cst.CstType::<init> (46 bytes)
Event: 2.343 Thread 0x0000000056767800 nmethod 1402 0x0000000002eb37d0 code [0x0000000002eb3980, 0x0000000002eb3e18]
Event: 2.343 Thread 0x0000000056767800 1400       3       com.android.dx.rop.type.Type::<init> (84 bytes)
Event: 2.343 Thread 0x0000000056766800 nmethod 1404 0x0000000002eb4dd0 code [0x0000000002eb4f00, 0x0000000002eb4f98]
Event: 2.343 Thread 0x0000000056766800 1403   !   4       com.android.dx.cf.cst.ConstantPoolParser::parse0 (731 bytes)
Event: 2.343 Thread 0x0000000056767800 nmethod 1400 0x0000000002eb2f10 code [0x0000000002eb30c0, 0x0000000002eb35e8]
Event: 2.343 Thread 0x0000000056767800 1401   !   3       com.android.dx.rop.type.Type::putIntern (50 bytes)
Event: 2.344 Thread 0x0000000056767800 nmethod 1401 0x0000000002ebe4d0 code [0x0000000002ebe6c0, 0x0000000002ebf178]
Event: 2.344 Thread 0x0000000056767800 1406       3       com.android.dx.cf.direct.MethodListParser::set (30 bytes)
Event: 2.344 Thread 0x0000000056767800 nmethod 1406 0x0000000002ebd090 code [0x0000000002ebd280, 0x0000000002ebdc98]

GC Heap History (0 events):
No events

Deoptimization events (5 events):
Event: 0.341 Thread 0x00000000569c6800 Uncommon trap: reason=unstable_if action=reinterpret pc=0x0000000002adb4c4 method=java.lang.String.compareTo(Ljava/lang/String;)I @ 38
Event: 0.549 Thread 0x00000000569ee800 Uncommon trap: reason=unstable_if action=reinterpret pc=0x0000000002bd41b0 method=java.util.HashMap.getNode(ILjava/lang/Object;)Ljava/util/HashMap$Node; @ 62
Event: 1.093 Thread 0x00000000569ea000 Uncommon trap: reason=unstable_if action=reinterpret pc=0x0000000002bdd660 method=java.util.BitSet.nextSetBit(I)I @ 87
Event: 1.177 Thread 0x00000000569ea000 Uncommon trap: reason=unstable_if action=reinterpret pc=0x0000000002ce5ec4 method=com.android.dx.rop.cst.Constant.compareTo(Lcom/android/dx/rop/cst/Constant;)I @ 12
Event: 1.624 Thread 0x00000000569ea000 Uncommon trap: reason=unstable_if action=reinterpret pc=0x0000000002ea7d04 method=com.android.dx.util.LabeledList.set(ILcom/android/dx/util/LabeledItem;)V @ 16

Internal exceptions (2 events):
Event: 0.035 Thread 0x000000000248f000 Exception <a 'java/lang/NoSuchMethodError': Method sun.misc.Unsafe.defineClass(Ljava/lang/String;[BII)Ljava/lang/Class; name or signature does not match> (0x00000000eab0de88) thrown at [C:\re\workspace\8-2-build-windows-amd64-cygwin\jdk8u45\3627\hotspot\sr‡Oïó³¢?
Event: 0.035 Thread 0x000000000248f000 Exception <a 'java/lang/NoSuchMethodError': Method sun.misc.Unsafe.prefetchRead(Ljava/lang/Object;J)V name or signature does not match> (0x00000000eab0e118) thrown at [C:\re\workspace\8-2-build-windows-amd64-cygwin\jdk8u45\3627\hotspot\src\share\vm\prims\j

Events (10 events):
Event: 1.093 Thread 0x00000000569ea000 DEOPT PACKING pc=0x0000000002bdd660 sp=0x00000000580aeec0
Event: 1.093 Thread 0x00000000569ea000 DEOPT UNPACKING pc=0x00000000029a582a sp=0x00000000580aee58 mode 2
Event: 1.177 Thread 0x00000000569ea000 Uncommon trap: trap_request=0xffffff65 fr.pc=0x0000000002ce5ec4
Event: 1.177 Thread 0x00000000569ea000 DEOPT PACKING pc=0x0000000002ce5ec4 sp=0x00000000580aeae0
Event: 1.181 Thread 0x00000000569ea000 DEOPT UNPACKING pc=0x00000000029a582a sp=0x00000000580aea80 mode 2
Event: 1.187 Executing VM operation: ForceSafepoint
Event: 1.187 Executing VM operation: ForceSafepoint done
Event: 1.624 Thread 0x00000000569ea000 Uncommon trap: trap_request=0xffffff65 fr.pc=0x0000000002ea7d04
Event: 1.624 Thread 0x00000000569ea000 DEOPT PACKING pc=0x0000000002ea7d04 sp=0x00000000580aecf0
Event: 1.624 Thread 0x00000000569ea000 DEOPT UNPACKING pc=0x00000000029a582a sp=0x00000000580aecd8 mode 2


Dynamic libraries:
0x000000013f0d0000 - 0x000000013f107000 	C:\Program Files\Java\jdk1.8.0_45\bin\java.exe
0x0000000077400000 - 0x00000000775aa000 	C:\Windows\SYSTEM32\ntdll.dll
0x00000000771e0000 - 0x00000000772ff000 	C:\Windows\system32\kernel32.dll
0x000007fefd370000 - 0x000007fefd3da000 	C:\Windows\system32\KERNELBASE.dll
0x0000000074f40000 - 0x0000000074fc9000 	C:\Windows\System32\SYSFER.DLL
0x000007feff610000 - 0x000007feff6eb000 	C:\Windows\system32\ADVAPI32.dll
0x000007fefdb00000 - 0x000007fefdb9f000 	C:\Windows\system32\msvcrt.dll
0x000007feff6f0000 - 0x000007feff70f000 	C:\Windows\SYSTEM32\sechost.dll
0x000007fefebe0000 - 0x000007fefed0d000 	C:\Windows\system32\RPCRT4.dll
0x0000000077300000 - 0x00000000773fa000 	C:\Windows\system32\USER32.dll
0x000007fefee00000 - 0x000007fefee67000 	C:\Windows\system32\GDI32.dll
0x000007fefd6d0000 - 0x000007fefd6de000 	C:\Windows\system32\LPK.dll
0x000007fefd600000 - 0x000007fefd6ca000 	C:\Windows\system32\USP10.dll
0x000007fefbc30000 - 0x000007fefbe24000 	C:\Windows\WinSxS\amd64_microsoft.windows.common-controls_6595b64144ccf1df_6.0.7601.18837_none_fa3b1e3d17594757\COMCTL32.dll
0x000007feff4f0000 - 0x000007feff561000 	C:\Windows\system32\SHLWAPI.dll
0x000007fefebb0000 - 0x000007fefebde000 	C:\Windows\system32\IMM32.DLL
0x000007fefd6e0000 - 0x000007fefd7e9000 	C:\Windows\system32\MSCTF.dll
0x0000000078c20000 - 0x0000000078cf2000 	C:\Program Files\Java\jdk1.8.0_45\jre\bin\msvcr100.dll
0x000000006fde0000 - 0x0000000070663000 	C:\Program Files\Java\jdk1.8.0_45\jre\bin\server\jvm.dll
0x000007fef6e40000 - 0x000007fef6e49000 	C:\Windows\system32\WSOCK32.dll
0x000007feff100000 - 0x000007feff14d000 	C:\Windows\system32\WS2_32.dll
0x000007fefed10000 - 0x000007fefed18000 	C:\Windows\system32\NSI.dll
0x000007fefb130000 - 0x000007fefb16b000 	C:\Windows\system32\WINMM.dll
0x000007fefc320000 - 0x000007fefc32c000 	C:\Windows\system32\VERSION.dll
0x00000000775c0000 - 0x00000000775c7000 	C:\Windows\system32\PSAPI.DLL
0x0000000000150000 - 0x000000000015f000 	C:\Program Files\Java\jdk1.8.0_45\jre\bin\verify.dll
0x000000006cd20000 - 0x000000006cd49000 	C:\Program Files\Java\jdk1.8.0_45\jre\bin\java.dll
0x0000000070d30000 - 0x0000000070d46000 	C:\Program Files\Java\jdk1.8.0_45\jre\bin\zip.dll
0x000007fefde20000 - 0x000007fefebaa000 	C:\Windows\system32\SHELL32.dll
0x000007fefd7f0000 - 0x000007fefd9f3000 	C:\Windows\system32\ole32.dll
0x000007fefd240000 - 0x000007fefd24f000 	C:\Windows\system32\profapi.dll

VM Arguments:
jvm_args: -Djava.awt.headless=true -Xmx1024M -Dfile.encoding=windows-1252 -Duser.country=IN -Duser.language=en -Duser.variant 
java_command: com.android.dx.command.Main --dex --force-jumbo --num-threads=4 --multi-dex --output E:\Android\Sunshine\MadeMyself\MovieInfoPro\app\build\intermediates\transforms\dex\debug\folders\1000\10\com.android.support-support-v4-23.3.0_c9267a769a1a30bc8829030d18044ea135cdd7ed E:\Android\Sunshine\MadeMyself\MovieInfoPro\app\build\intermediates\exploded-aar\com.android.support\support-v4\23.3.0\jars\classes.jar
java_class_path (initial): C:\Users\ravidwivedi\AppData\Local\Android\sdk\build-tools\23.0.2\lib\dx.jar
Launcher Type: SUN_STANDARD

Environment Variables:
JAVA_HOME=C:\Program Files\Java\jdk1.8.0_45
PATH=C:\ProgramData\Oracle\Java\javapath;C:\Program Files (x86)\Intel\iCLS Client\;C:\Program Files\Intel\iCLS Client\;C:\Windows\system32;C:\Windows;C:\Windows\System32\Wbem;C:\Windows\System32\WindowsPowerShell\v1.0\;C:\Program Files\Intel\WiFi\bin\;C:\Program Files\Common Files\Intel\WirelessCommon\;C:\Program Files\Intel\Intel(R) Management Engine Components\DAL;C:\Program Files (x86)\Intel\Intel(R) Management Engine Components\DAL;C:\Program Files\Intel\Intel(R) Management Engine Components\IPT;C:\Program Files (x86)\Intel\Intel(R) Management Engine Components\IPT;C:\Program Files (x86)\Intel\OpenCL SDK\3.0\bin\x86;C:\Program Files (x86)\Intel\OpenCL SDK\3.0\bin\x64;C:\Program Files\TortoiseSVN\bin;C:\Program Files\Microsoft SQL Server\120\DTS\Binn\;C:\Program Files\Microsoft SQL Server\Client SDK\ODBC\110\Tools\Binn\;C:\Program Files (x86)\Microsoft SQL Server\120\Tools\Binn\;C:\Program Files\Microsoft SQL Server\120\Tools\Binn\;C:\Program Files (x86)\Microsoft SQL Server\120\Tools\Binn\ManagementStudio\;C:\Program Files (x86)\Microsoft SQL Server\120\DTS\Binn\;C:\Program Files (x86)\Windows Kits\8.1\Windows Performance Toolkit\;C:\Program Files\Microsoft SQL Server\110\Tools\Binn\;C:\Program Files (x86)\Microsoft SDKs\TypeScript\1.0\;C:\Program Files\MongoDB\Server\3.0\bin\;C:\Program Files\Java\jdk1.8.0_45\bin\;C:\Program Files (x86)\Skype\Phone\;C:\Program Files (x86)\Microsoft SQL Server\100\Tools\Binn\;C:\Program Files\Microsoft SQL Server\100\Tools\Binn\;C:\Program Files\Microsoft SQL Server\100\DTS\Binn\;C:\Program Files (x86)\Microsoft SQL Server\100\Tools\Binn\VSShell\Common7\IDE\;C:\Program Files (x86)\Microsoft Visual Studio 9.0\Common7\IDE\PrivateAssemblies\;C:\Program Files (x86)\Microsoft SQL Server\100\DTS\Binn\;C:\Program Files (x86)\GitExtensions\;C:\Program Files\TortoiseGit\bin
USERNAME=ravidwivedi
OS=Windows_NT
PROCESSOR_IDENTIFIER=Intel64 Family 6 Model 60 Stepping 3, GenuineIntel



---------------  S Y S T E M  ---------------

OS: Windows 7 , 64 bit Build 7601 (6.1.7601.23391)

CPU:total 4 (2 cores per cpu, 2 threads per core) family 6 model 60 stepping 3, cmov, cx8, fxsr, mmx, sse, sse2, sse3, ssse3, sse4.1, sse4.2, popcnt, avx, avx2, aes, clmul, erms, lzcnt, ht, tsc, tscinvbit, bmi1, bmi2

Memory: 4k page, physical 16680336k(3418032k free), swap 16883280k(308440k free)

vm_info: Java HotSpot(TM) 64-Bit Server VM (25.45-b02) for windows-amd64 JRE (1.8.0_45-b15), built on Apr 30 2015 12:40:44 by "java_re" with MS VC++ 10.0 (VS2010)

time: Thu Apr 28 18:51:43 2016
elapsed time: 2 seconds (0d 0h 0m 2s)

