#
# There is insufficient memory for the Java Runtime Environment to continue.
# Native memory allocation (malloc) failed to allocate 32744 bytes for ChunkPool::allocate
# Possible reasons:
#   The system is out of physical RAM or swap space
#   In 32 bit mode, the process size limit was hit
# Possible solutions:
#   Reduce memory load on the system
#   Increase physical memory or swap space
#   Check if swap backing store is full
#   Use 64 bit Java on a 64 bit OS
#   Decrease Java heap size (-Xmx/-Xms)
#   Decrease number of Java threads
#   Decrease Java thread stack sizes (-Xss)
#   Set larger code cache with -XX:ReservedCodeCacheSize=
# This output file may be truncated or incomplete.
#
#  Out of Memory Error (allocation.cpp:273), pid=11444, tid=15960
#
# JRE version: Java(TM) SE Runtime Environment (8.0_45-b15) (build 1.8.0_45-b15)
# Java VM: Java HotSpot(TM) 64-Bit Server VM (25.45-b02 mixed mode windows-amd64 compressed oops)
# Failed to write core dump. Minidumps are not enabled by default on client versions of Windows
#

---------------  T H R E A D  ---------------

Current thread (0x000000005513d800):  JavaThread "C1 CompilerThread2" daemon [_thread_in_native, id=15960, stack(0x0000000056880000,0x0000000056980000)]

Stack: [0x0000000056880000,0x0000000056980000]
Native frames: (J=compiled Java code, j=interpreted, Vv=VM code, C=native code)
V  [jvm.dll+0x32b57a]


Current CompileTask:
C1:    562  226   !   3       com.android.dx.cf.cst.ConstantPoolParser::parse0 (731 bytes)


---------------  P R O C E S S  ---------------

Java Threads: ( => current thread )
  0x0000000056d4e000 JavaThread "pool-2-thread-4" [_thread_new, id=16284, stack(0x0000000000000000,0x0000000000000000)]
  0x0000000056d4b800 JavaThread "pool-2-thread-3" [_thread_in_vm, id=14496, stack(0x00000000578f0000,0x00000000579f0000)]
  0x0000000056d4a800 JavaThread "pool-2-thread-2" [_thread_new, id=3516, stack(0x0000000000000000,0x0000000000000000)]
  0x0000000056d4a000 JavaThread "pool-3-thread-1" [_thread_in_Java, id=16152, stack(0x00000000573b0000,0x00000000574b0000)]
  0x0000000056d47800 JavaThread "pool-2-thread-1" [_thread_new, id=15440, stack(0x0000000000000000,0x0000000000000000)]
  0x0000000056bd0800 JavaThread "Service Thread" daemon [_thread_blocked, id=14552, stack(0x00000000570f0000,0x00000000571f0000)]
=>0x000000005513d800 JavaThread "C1 CompilerThread2" daemon [_thread_in_native, id=15960, stack(0x0000000056880000,0x0000000056980000)]
  0x000000005513c800 JavaThread "C2 CompilerThread1" daemon [_thread_blocked, id=15876, stack(0x0000000056ad0000,0x0000000056bd0000)]
  0x0000000055138000 JavaThread "C2 CompilerThread0" daemon [_thread_in_vm, id=15540, stack(0x00000000569b0000,0x0000000056ab0000)]
  0x0000000055135000 JavaThread "Attach Listener" daemon [_thread_blocked, id=11736, stack(0x00000000566f0000,0x00000000567f0000)]
  0x0000000055133800 JavaThread "Signal Dispatcher" daemon [_thread_blocked, id=10276, stack(0x0000000056270000,0x0000000056370000)]
  0x00000000550d3000 JavaThread "Finalizer" daemon [_thread_blocked, id=560, stack(0x0000000056540000,0x0000000056640000)]
  0x00000000550d1800 JavaThread "Reference Handler" daemon [_thread_blocked, id=11580, stack(0x00000000563c0000,0x00000000564c0000)]
  0x000000000233f000 JavaThread "main" [_thread_in_vm, id=16076, stack(0x00000000025c0000,0x00000000026c0000)]

Other Threads:
  0x00000000550cc000 VMThread [stack: 0x00000000560d0000,0x00000000561d0000] [id=12228]
  0x0000000056bd2800 WatcherThread [stack: 0x0000000057280000,0x0000000057380000] [id=8292]

VM state:not at safepoint (normal execution)

VM Mutex/Monitor currently owned by a thread: None

Heap:
 PSYoungGen      total 76288K, used 7868K [0x00000000eab00000, 0x00000000f0000000, 0x0000000100000000)
  eden space 65536K, 12% used [0x00000000eab00000,0x00000000eb2af310,0x00000000eeb00000)
  from space 10752K, 0% used [0x00000000ef580000,0x00000000ef580000,0x00000000f0000000)
  to   space 10752K, 0% used [0x00000000eeb00000,0x00000000eeb00000,0x00000000ef580000)
 ParOldGen       total 175104K, used 0K [0x00000000c0000000, 0x00000000cab00000, 0x00000000eab00000)
  object space 175104K, 0% used [0x00000000c0000000,0x00000000c0000000,0x00000000cab00000)
 Metaspace       used 3992K, capacity 5232K, committed 5376K, reserved 1056768K
  class space    used 448K, capacity 488K, committed 512K, reserved 1048576K

Card table byte_map: [0x0000000011d50000,0x0000000011f60000] byte_map_base: 0x0000000011750000

Marking Bits: (ParMarkBitMap*) 0x00000000705e4040
 Begin Bits: [0x0000000012540000, 0x0000000013540000)
 End Bits:   [0x0000000013540000, 0x0000000014540000)

Polling page: 0x0000000001da0000

CodeCache: size=245760Kb used=1470Kb max_used=1470Kb free=244289Kb
 bounds [0x0000000002990000, 0x0000000002c00000, 0x0000000011990000]
 total_blobs=479 nmethods=224 adapters=168
 compilation: enabled

Compilation events (10 events):
Event: 0.529 Thread 0x000000005513d800 nmethod 219 0x0000000002afb6d0 code [0x0000000002afb880, 0x0000000002afbd08]
Event: 0.530 Thread 0x000000005513d800  220       3       com.android.dx.rop.cst.Constant::compareTo (9 bytes)
Event: 0.530 Thread 0x000000005513d800 nmethod 220 0x0000000002afbed0 code [0x0000000002afc0a0, 0x0000000002afc978]
Event: 0.530 Thread 0x000000005513d800  222       1       com.android.dx.rop.cst.CstNat::getName (5 bytes)
Event: 0.530 Thread 0x000000005513d800 nmethod 222 0x0000000002afcc90 code [0x0000000002afcde0, 0x0000000002afcef0]
Event: 0.530 Thread 0x000000005513d800  221   !   3       java.util.WeakHashMap::expungeStaleEntries (139 bytes)
Event: 0.531 Thread 0x000000005513d800 nmethod 221 0x0000000002afcf50 code [0x0000000002afd120, 0x0000000002afdbe8]
Event: 0.531 Thread 0x000000005513d800  224   !   3       com.android.dx.rop.cst.StdConstantPool::get (24 bytes)
Event: 0.531 Thread 0x000000005513d800 nmethod 224 0x0000000002afe210 code [0x0000000002afe4a0, 0x0000000002aff4d8]
Event: 0.532 Thread 0x000000005513d800  226   !   3       com.android.dx.cf.cst.ConstantPoolParser::parse0 (731 bytes)

GC Heap History (0 events):
No events

Deoptimization events (0 events):
No events

Internal exceptions (2 events):
Event: 0.101 Thread 0x000000000233f000 Exception <a 'java/lang/NoSuchMethodError': Method sun.misc.Unsafe.defineClass(Ljava/lang/String;[BII)Ljava/lang/Class; name or signature does not match> (0x00000000eab0e018) thrown at [C:\re\workspace\8-2-build-windows-amd64-cygwin\jdk8u45\3627\hotspot\srðBÝªìì¹?
Event: 0.101 Thread 0x000000000233f000 Exception <a 'java/lang/NoSuchMethodError': Method sun.misc.Unsafe.prefetchRead(Ljava/lang/Object;J)V name or signature does not match> (0x00000000eab0e2a8) thrown at [C:\re\workspace\8-2-build-windows-amd64-cygwin\jdk8u45\3627\hotspot\src\share\vm\prims\j

Events (10 events):
Event: 0.524 loading class com/android/dx/dex/file/EncodedMethod
Event: 0.524 loading class com/android/dx/dex/file/EncodedMethod done
Event: 0.525 loading class com/android/dx/dex/file/EncodedMember
Event: 0.525 loading class com/android/dx/dex/file/EncodedMember done
Event: 0.525 loading class com/android/dx/dex/file/CodeItem
Event: 0.525 loading class com/android/dx/dex/file/CodeItem done
Event: 0.526 loading class com/android/dx/rop/annotation/AnnotationsList
Event: 0.526 loading class com/android/dx/rop/annotation/AnnotationsList done
Event: 0.527 loading class com/android/dx/dex/file/MethodIdItem
Event: 0.527 loading class com/android/dx/dex/file/MethodIdItem done


Dynamic libraries:
0x000000013f0d0000 - 0x000000013f107000 	C:\Program Files\Java\jdk1.8.0_45\bin\java.exe
0x0000000077400000 - 0x00000000775aa000 	C:\Windows\SYSTEM32\ntdll.dll
0x00000000771e0000 - 0x00000000772ff000 	C:\Windows\system32\kernel32.dll
0x000007fefd370000 - 0x000007fefd3da000 	C:\Windows\system32\KERNELBASE.dll
0x0000000074f40000 - 0x0000000074fc9000 	C:\Windows\System32\SYSFER.DLL
0x000007feff610000 - 0x000007feff6eb000 	C:\Windows\system32\ADVAPI32.dll
0x000007fefdb00000 - 0x000007fefdb9f000 	C:\Windows\system32\msvcrt.dll
0x000007feff6f0000 - 0x000007feff70f000 	C:\Windows\SYSTEM32\sechost.dll
0x000007fefebe0000 - 0x000007fefed0d000 	C:\Windows\system32\RPCRT4.dll
0x0000000077300000 - 0x00000000773fa000 	C:\Windows\system32\USER32.dll
0x000007fefee00000 - 0x000007fefee67000 	C:\Windows\system32\GDI32.dll
0x000007fefd6d0000 - 0x000007fefd6de000 	C:\Windows\system32\LPK.dll
0x000007fefd600000 - 0x000007fefd6ca000 	C:\Windows\system32\USP10.dll
0x000007fefbc30000 - 0x000007fefbe24000 	C:\Windows\WinSxS\amd64_microsoft.windows.common-controls_6595b64144ccf1df_6.0.7601.18837_none_fa3b1e3d17594757\COMCTL32.dll
0x000007feff4f0000 - 0x000007feff561000 	C:\Windows\system32\SHLWAPI.dll
0x000007fefebb0000 - 0x000007fefebde000 	C:\Windows\system32\IMM32.DLL
0x000007fefd6e0000 - 0x000007fefd7e9000 	C:\Windows\system32\MSCTF.dll
0x0000000078c20000 - 0x0000000078cf2000 	C:\Program Files\Java\jdk1.8.0_45\jre\bin\msvcr100.dll
0x000000006fde0000 - 0x0000000070663000 	C:\Program Files\Java\jdk1.8.0_45\jre\bin\server\jvm.dll
0x000007fef6e40000 - 0x000007fef6e49000 	C:\Windows\system32\WSOCK32.dll
0x000007feff100000 - 0x000007feff14d000 	C:\Windows\system32\WS2_32.dll
0x000007fefed10000 - 0x000007fefed18000 	C:\Windows\system32\NSI.dll
0x000007fefb130000 - 0x000007fefb16b000 	C:\Windows\system32\WINMM.dll
0x000007fefc320000 - 0x000007fefc32c000 	C:\Windows\system32\VERSION.dll
0x00000000775c0000 - 0x00000000775c7000 	C:\Windows\system32\PSAPI.DLL
0x0000000001d90000 - 0x0000000001d9f000 	C:\Program Files\Java\jdk1.8.0_45\jre\bin\verify.dll
0x000000006cd20000 - 0x000000006cd49000 	C:\Program Files\Java\jdk1.8.0_45\jre\bin\java.dll
0x0000000070d30000 - 0x0000000070d46000 	C:\Program Files\Java\jdk1.8.0_45\jre\bin\zip.dll
0x000007fefde20000 - 0x000007fefebaa000 	C:\Windows\system32\SHELL32.dll
0x000007fefd7f0000 - 0x000007fefd9f3000 	C:\Windows\system32\ole32.dll
0x000007fefd240000 - 0x000007fefd24f000 	C:\Windows\system32\profapi.dll

VM Arguments:
jvm_args: -Djava.awt.headless=true -Xmx1024M -Dfile.encoding=windows-1252 -Duser.country=IN -Duser.language=en -Duser.variant 
java_command: com.android.dx.command.Main --dex --force-jumbo --num-threads=4 --multi-dex --output E:\Android\Sunshine\MadeMyself\MovieInfoPro\app\build\intermediates\transforms\dex\debug\folders\1000\10\support-annotations-23.3.0_cc94ec3a53ac8ecf5ab93ef3286b63ca2f113d17 C:\Users\ravidwivedi\AppData\Local\Android\sdk\extras\android\m2repository\com\android\support\support-annotations\23.3.0\support-annotations-23.3.0.jar
java_class_path (initial): C:\Users\ravidwivedi\AppData\Local\Android\sdk\build-tools\23.0.2\lib\dx.jar
Launcher Type: SUN_STANDARD

Environment Variables:
JAVA_HOME=C:\Program Files\Java\jdk1.8.0_45
PATH=C:\ProgramData\Oracle\Java\javapath;C:\Program Files (x86)\Intel\iCLS Client\;C:\Program Files\Intel\iCLS Client\;C:\Windows\system32;C:\Windows;C:\Windows\System32\Wbem;C:\Windows\System32\WindowsPowerShell\v1.0\;C:\Program Files\Intel\WiFi\bin\;C:\Program Files\Common Files\Intel\WirelessCommon\;C:\Program Files\Intel\Intel(R) Management Engine Components\DAL;C:\Program Files (x86)\Intel\Intel(R) Management Engine Components\DAL;C:\Program Files\Intel\Intel(R) Management Engine Components\IPT;C:\Program Files (x86)\Intel\Intel(R) Management Engine Components\IPT;C:\Program Files (x86)\Intel\OpenCL SDK\3.0\bin\x86;C:\Program Files (x86)\Intel\OpenCL SDK\3.0\bin\x64;C:\Program Files\TortoiseSVN\bin;C:\Program Files\Microsoft SQL Server\120\DTS\Binn\;C:\Program Files\Microsoft SQL Server\Client SDK\ODBC\110\Tools\Binn\;C:\Program Files (x86)\Microsoft SQL Server\120\Tools\Binn\;C:\Program Files\Microsoft SQL Server\120\Tools\Binn\;C:\Program Files (x86)\Microsoft SQL Server\120\Tools\Binn\ManagementStudio\;C:\Program Files (x86)\Microsoft SQL Server\120\DTS\Binn\;C:\Program Files (x86)\Windows Kits\8.1\Windows Performance Toolkit\;C:\Program Files\Microsoft SQL Server\110\Tools\Binn\;C:\Program Files (x86)\Microsoft SDKs\TypeScript\1.0\;C:\Program Files\MongoDB\Server\3.0\bin\;C:\Program Files\Java\jdk1.8.0_45\bin\;C:\Program Files (x86)\Skype\Phone\;C:\Program Files (x86)\Microsoft SQL Server\100\Tools\Binn\;C:\Program Files\Microsoft SQL Server\100\Tools\Binn\;C:\Program Files\Microsoft SQL Server\100\DTS\Binn\;C:\Program Files (x86)\Microsoft SQL Server\100\Tools\Binn\VSShell\Common7\IDE\;C:\Program Files (x86)\Microsoft Visual Studio 9.0\Common7\IDE\PrivateAssemblies\;C:\Program Files (x86)\Microsoft SQL Server\100\DTS\Binn\;C:\Program Files (x86)\GitExtensions\;C:\Program Files\TortoiseGit\bin
USERNAME=ravidwivedi
OS=Windows_NT
PROCESSOR_IDENTIFIER=Intel64 Family 6 Model 60 Stepping 3, GenuineIntel



---------------  S Y S T E M  ---------------

OS: Windows 7 , 64 bit Build 7601 (6.1.7601.23391)

CPU:total 4 (2 cores per cpu, 2 threads per core) family 6 model 60 stepping 3, cmov, cx8, fxsr, mmx, sse, sse2, sse3, ssse3, sse4.1, sse4.2, popcnt, avx, avx2, aes, clmul, erms, lzcnt, ht, tsc, tscinvbit, bmi1, bmi2

Memory: 4k page, physical 16680336k(3601000k free), swap 16883280k(4048k free)

vm_info: Java HotSpot(TM) 64-Bit Server VM (25.45-b02) for windows-amd64 JRE (1.8.0_45-b15), built on Apr 30 2015 12:40:44 by "java_re" with MS VC++ 10.0 (VS2010)

time: Thu Apr 28 18:29:46 2016
elapsed time: 0 seconds (0d 0h 0m 0s)

